#
# There is insufficient memory for the Java Runtime Environment to continue.
# Native memory allocation (malloc) failed to allocate 32756 bytes for ChunkPool::allocate
# Possible reasons:
#   The system is out of physical RAM or swap space
#   In 32 bit mode, the process size limit was hit
# Possible solutions:
#   Reduce memory load on the system
#   Increase physical memory or swap space
#   Check if swap backing store is full
#   Use 64 bit Java on a 64 bit OS
#   Decrease Java heap size (-Xmx/-Xms)
#   Decrease number of Java threads
#   Decrease Java thread stack sizes (-Xss)
#   Set larger code cache with -XX:ReservedCodeCacheSize=
# This output file may be truncated or incomplete.
#
#  Out of Memory Error (allocation.cpp:273), pid=4616, tid=0x00001830
#
# JRE version: Java(TM) SE Runtime Environment (8.0_112-b15) (build 1.8.0_112-b15)
# Java VM: Java HotSpot(TM) Client VM (25.112-b15 mixed mode, sharing windows-x86 )
# Failed to write core dump. Minidumps are not enabled by default on client versions of Windows
#

---------------  T H R E A D  ---------------

Current thread (0x0223c000):  JavaThread "C1 CompilerThread0" daemon [_thread_in_native, id=6192, stack(0x15bc0000,0x15c10000)]

Stack: [0x15bc0000,0x15c10000],  sp=0x15c0efa8,  free space=315k
Native frames: (J=compiled Java code, j=interpreted, Vv=VM code, C=native code)
V  [jvm.dll+0x1aa21b]
V  [jvm.dll+0x1a2a28]
V  [jvm.dll+0x8c801]
V  [jvm.dll+0x8c9dd]
V  [jvm.dll+0x8ce77]
V  [jvm.dll+0xa48a4]
V  [jvm.dll+0x1a20b9]
V  [jvm.dll+0x1a21d8]
V  [jvm.dll+0x2bd41f]
V  [jvm.dll+0x2bdd70]
V  [jvm.dll+0x289db2]
V  [jvm.dll+0x289edb]
V  [jvm.dll+0x28a02a]
V  [jvm.dll+0x28a198]
V  [jvm.dll+0x28a412]
V  [jvm.dll+0x7028a]
V  [jvm.dll+0x70a3f]
V  [jvm.dll+0x17d670]
V  [jvm.dll+0x17deea]
V  [jvm.dll+0x1c2986]
C  [msvcr100.dll+0x5c556]
C  [msvcr100.dll+0x5c600]
C  [kernel32.dll+0x1336a]
C  [ntdll.dll+0x39902]
C  [ntdll.dll+0x398d5]
C  0x00000000


Current CompileTask:
C1:  22954  654            
[error occurred during error reporting (printing current compile task), id 0xe0000001]


---------------  P R O C E S S  ---------------

Java Threads: ( => current thread )
  0x0030c400 JavaThread "DestroyJavaVM" [_thread_blocked, id=3576, stack(0x00490000,0x004e0000)]
  0x162fa000 JavaThread "D3D Screen Updater" daemon [_thread_blocked, id=7136, stack(0x199f0000,0x19a40000)]
  0x162f5000 JavaThread "Thread-2" [_thread_in_native, id=4128, stack(0x18c10000,0x18c60000)]
  0x162db000 JavaThread "AWT-EventQueue-0" [_thread_blocked, id=7928, stack(0x18b70000,0x18bc0000)]
  0x16282800 JavaThread "AWT-Windows" daemon [_thread_in_native, id=2352, stack(0x15c60000,0x15cb0000)]
  0x16281400 JavaThread "AWT-Shutdown" [_thread_blocked, id=6900, stack(0x16550000,0x165a0000)]
  0x0225b800 JavaThread "Service Thread" daemon [_thread_blocked, id=4112, stack(0x15e90000,0x15ee0000)]
=>0x0223c000 JavaThread "C1 CompilerThread0" daemon [_thread_in_native, id=6192, stack(0x15bc0000,0x15c10000)]
  0x0223a000 JavaThread "Attach Listener" daemon [_thread_blocked, id=7884, stack(0x15d00000,0x15d50000)]
  0x02236800 JavaThread "Signal Dispatcher" daemon [_thread_blocked, id=4676, stack(0x047a0000,0x047f0000)]
  0x0222b000 JavaThread "Finalizer" daemon [_thread_blocked, id=4556, stack(0x00540000,0x00590000)]
  0x021cf400 JavaThread "Reference Handler" daemon [_thread_blocked, id=4868, stack(0x159b0000,0x15a00000)]

Other Threads:
  0x021ca800 VMThread [stack: 0x15370000,0x153c0000] [id=7700]
  0x0226d800 WatcherThread [stack: 0x15da0000,0x15df0000] [id=5432]

VM state:not at safepoint (normal execution)

VM Mutex/Monitor currently owned by a thread: None

Heap:
 def new generation   total 20288K, used 9599K [0x04800000, 0x05e00000, 0x09d50000)
  eden space 18048K,  53% used [0x04800000, 0x0515fdd0, 0x059a0000)
  from space 2240K,   0% used [0x059a0000, 0x059a0000, 0x05bd0000)
  to   space 2240K,   0% used [0x05bd0000, 0x05bd0000, 0x05e00000)
 tenured generation   total 45016K, used 27007K [0x09d50000, 0x0c946000, 0x14800000)
   the space 45016K,  59% used [0x09d50000, 0x0b7afe58, 0x0b7b0000, 0x0c946000)
 Metaspace       used 418K, capacity 2526K, committed 2624K, reserved 4480K

Card table byte_map: [0x04710000,0x047a0000] byte_map_base: 0x046ec000

Polling page: 0x00170000

CodeCache: size=32768Kb used=1440Kb max_used=1440Kb free=31327Kb
 bounds [0x02710000, 0x02880000, 0x04710000]
 total_blobs=868 nmethods=653 adapters=146
 compilation: enabled

Compilation events (10 events):
Event: 21.007 Thread 0x0223c000 nmethod 649 0x028767c8 code [0x028768c0, 0x028769a0]
Event: 21.453 Thread 0x0223c000  650 %           java.lang.ref.Reference$ReferenceHandler::run @ 0 (8 bytes)
Event: 21.453 Thread 0x0223c000 nmethod 650% 0x02876a88 code [0x02876b90, 0x02876c3c]
Event: 21.566 Thread 0x0223c000  651             java.util.HashMap::get (23 bytes)
Event: 21.567 Thread 0x0223c000 nmethod 651 0x02876cc8 code [0x02876de0, 0x02876ee8]
Event: 22.615 Thread 0x0223c000  652             sun.util.logging.PlatformLogger$DefaultLoggerProxy::isLoggable (29 bytes)
Event: 22.615 Thread 0x0223c000 nmethod 652 0x02876fc8 code [0x028770d0, 0x028771c0]
Event: 22.767 Thread 0x0223c000  653   !         sun.awt.PostEventQueue::flush (168 bytes)
Event: 22.767 Thread 0x0223c000 nmethod 653 0x02877308 code [0x028774a0, 0x02877c44]
Event: 22.919 Thread 0x0223c000  654             java.security.AccessControlContext::optimize (318 bytes)

GC Heap History (10 events):
Event: 11.425 GC heap before
{Heap before GC invocations=11 (full 1):
 def new generation   total 8640K, used 8640K [0x04800000, 0x05160000, 0x09d50000)
  eden space 7680K, 100% used [0x04800000, 0x04f80000, 0x04f80000)
  from space 960K, 100% used [0x05070000, 0x05160000, 0x05160000)
  to   space 960K,   0% used [0x04f80000, 0x04f80000, 0x05070000)
 tenured generation   total 19096K, used 18716K [0x09d50000, 0x0aff6000, 0x14800000)
   the space 19096K,  98% used [0x09d50000, 0x0af97260, 0x0af97400, 0x0aff6000)
 Metaspace       used 413K, capacity 2539K, committed 2624K, reserved 4480K
Event: 11.466 GC heap after
Heap after GC invocations=12 (full 2):
 def new generation   total 16064K, used 0K [0x04800000, 0x05960000, 0x09d50000)
  eden space 14336K,   0% used [0x04800000, 0x04800000, 0x05600000)
  from space 1728K,   0% used [0x05600000, 0x05600000, 0x057b0000)
  to   space 1728K,   0% used [0x057b0000, 0x057b0000, 0x05960000)
 tenured generation   total 35456K, used 21271K [0x09d50000, 0x0bff0000, 0x14800000)
   the space 35456K,  59% used [0x09d50000, 0x0b215e88, 0x0b216000, 0x0bff0000)
 Metaspace       used 409K, capacity 2526K, committed 2624K, reserved 4480K
}
Event: 13.917 GC heap before
{Heap before GC invocations=12 (full 2):
 def new generation   total 16064K, used 14336K [0x04800000, 0x05960000, 0x09d50000)
  eden space 14336K, 100% used [0x04800000, 0x05600000, 0x05600000)
  from space 1728K,   0% used [0x05600000, 0x05600000, 0x057b0000)
  to   space 1728K,   0% used [0x057b0000, 0x057b0000, 0x05960000)
 tenured generation   total 35456K, used 21271K [0x09d50000, 0x0bff0000, 0x14800000)
   the space 35456K,  59% used [0x09d50000, 0x0b215e88, 0x0b216000, 0x0bff0000)
 Metaspace       used 410K, capacity 2526K, committed 2624K, reserved 4480K
Event: 13.928 GC heap after
Heap after GC invocations=13 (full 2):
 def new generation   total 16064K, used 1728K [0x04800000, 0x05960000, 0x09d50000)
  eden space 14336K,   0% used [0x04800000, 0x04800000, 0x05600000)
  from space 1728K, 100% used [0x057b0000, 0x05960000, 0x05960000)
  to   space 1728K,   0% used [0x05600000, 0x05600000, 0x057b0000)
 tenured generation   total 35456K, used 24354K [0x09d50000, 0x0bff0000, 0x14800000)
   the space 35456K,  68% used [0x09d50000, 0x0b518ba8, 0x0b518c00, 0x0bff0000)
 Metaspace       used 410K, capacity 2526K, committed 2624K, reserved 4480K
}
Event: 16.148 GC heap before
{Heap before GC invocations=13 (full 2):
 def new generation   total 16064K, used 16064K [0x04800000, 0x05960000, 0x09d50000)
  eden space 14336K, 100% used [0x04800000, 0x05600000, 0x05600000)
  from space 1728K, 100% used [0x057b0000, 0x05960000, 0x05960000)
  to   space 1728K,   0% used [0x05600000, 0x05600000, 0x057b0000)
 tenured generation   total 35456K, used 24354K [0x09d50000, 0x0bff0000, 0x14800000)
   the space 35456K,  68% used [0x09d50000, 0x0b518ba8, 0x0b518c00, 0x0bff0000)
 Metaspace       used 414K, capacity 2526K, committed 2624K, reserved 4480K
Event: 16.160 GC heap after
Heap after GC invocations=14 (full 2):
 def new generation   total 16064K, used 1728K [0x04800000, 0x05960000, 0x09d50000)
  eden space 14336K,   0% used [0x04800000, 0x04800000, 0x05600000)
  from space 1728K, 100% used [0x05600000, 0x057b0000, 0x057b0000)
  to   space 1728K,   0% used [0x057b0000, 0x057b0000, 0x05960000)
 tenured generation   total 35456K, used 29164K [0x09d50000, 0x0bff0000, 0x14800000)
   the space 35456K,  82% used [0x09d50000, 0x0b9cb0d8, 0x0b9cb200, 0x0bff0000)
 Metaspace       used 414K, capacity 2526K, committed 2624K, reserved 4480K
}
Event: 18.750 GC heap before
{Heap before GC invocations=14 (full 2):
 def new generation   total 16064K, used 16064K [0x04800000, 0x05960000, 0x09d50000)
  eden space 14336K, 100% used [0x04800000, 0x05600000, 0x05600000)
  from space 1728K, 100% used [0x05600000, 0x057b0000, 0x057b0000)
  to   space 1728K,   0% used [0x057b0000, 0x057b0000, 0x05960000)
 tenured generation   total 35456K, used 29164K [0x09d50000, 0x0bff0000, 0x14800000)
   the space 35456K,  82% used [0x09d50000, 0x0b9cb0d8, 0x0b9cb200, 0x0bff0000)
 Metaspace       used 414K, capacity 2526K, committed 2624K, reserved 4480K
Event: 18.762 GC heap after
Heap after GC invocations=15 (full 2):
 def new generation   total 16064K, used 1728K [0x04800000, 0x05960000, 0x09d50000)
  eden space 14336K,   0% used [0x04800000, 0x04800000, 0x05600000)
  from space 1728K, 100% used [0x057b0000, 0x05960000, 0x05960000)
  to   space 1728K,   0% used [0x05600000, 0x05600000, 0x057b0000)
 tenured generation   total 35456K, used 33834K [0x09d50000, 0x0bff0000, 0x14800000)
   the space 35456K,  95% used [0x09d50000, 0x0be5a928, 0x0be5aa00, 0x0bff0000)
 Metaspace       used 414K, capacity 2526K, committed 2624K, reserved 4480K
}
Event: 21.391 GC heap before
{Heap before GC invocations=15 (full 2):
 def new generation   total 16064K, used 16064K [0x04800000, 0x05960000, 0x09d50000)
  eden space 14336K, 100% used [0x04800000, 0x05600000, 0x05600000)
  from space 1728K, 100% used [0x057b0000, 0x05960000, 0x05960000)
  to   space 1728K,   0% used [0x05600000, 0x05600000, 0x057b0000)
 tenured generation   total 35456K, used 33834K [0x09d50000, 0x0bff0000, 0x14800000)
   the space 35456K,  95% used [0x09d50000, 0x0be5a928, 0x0be5aa00, 0x0bff0000)
 Metaspace       used 414K, capacity 2526K, committed 2624K, reserved 4480K
Event: 21.452 GC heap after
Heap after GC invocations=16 (full 3):
 def new generation   total 20288K, used 0K [0x04800000, 0x05e00000, 0x09d50000)
  eden space 18048K,   0% used [0x04800000, 0x04800000, 0x059a0000)
  from space 2240K,   0% used [0x059a0000, 0x059a0000, 0x05bd0000)
  to   space 2240K,   0% used [0x05bd0000, 0x05bd0000, 0x05e00000)
 tenured generation   total 45016K, used 27007K [0x09d50000, 0x0c946000, 0x14800000)
   the space 45016K,  59% used [0x09d50000, 0x0b7afe58, 0x0b7b0000, 0x0c946000)
 Metaspace       used 414K, capacity 2526K, committed 2624K, reserved 4480K
}

Deoptimization events (0 events):
No events

Internal exceptions (10 events):
Event: 0.014 Thread 0x0030c400 Exception <a 'java/lang/NoSuchMethodError': Method sun.misc.Unsafe.prefetchRead(Ljava/lang/Object;J)V name or signature does not match> (0x04807c60) thrown at [C:\re\workspace\8-2-build-windows-i586-cygwin\jdk8u112\7884\hotspot\src\share\vm\prims\jni.cpp,
Event: 0.040 Thread 0x0030c400 Exception <a 'java/security/PrivilegedActionException'> (0x0487c6a8) thrown at [C:\re\workspace\8-2-build-windows-i586-cygwin\jdk8u112\7884\hotspot\src\share\vm\prims\jvm.cpp, line 1390]
Event: 0.040 Thread 0x0030c400 Exception <a 'java/security/PrivilegedActionException'> (0x0487c8a8) thrown at [C:\re\workspace\8-2-build-windows-i586-cygwin\jdk8u112\7884\hotspot\src\share\vm\prims\jvm.cpp, line 1390]
Event: 0.041 Thread 0x0030c400 Exception <a 'java/security/PrivilegedActionException'> (0x048806e0) thrown at [C:\re\workspace\8-2-build-windows-i586-cygwin\jdk8u112\7884\hotspot\src\share\vm\prims\jvm.cpp, line 1390]
Event: 0.041 Thread 0x0030c400 Exception <a 'java/security/PrivilegedActionException'> (0x048808e0) thrown at [C:\re\workspace\8-2-build-windows-i586-cygwin\jdk8u112\7884\hotspot\src\share\vm\prims\jvm.cpp, line 1390]
Event: 0.042 Thread 0x0030c400 Exception <a 'java/io/FileNotFoundException'> (0x04882ac0) thrown at [C:\re\workspace\8-2-build-windows-i586-cygwin\jdk8u112\7884\hotspot\src\share\vm\prims\jni.cpp, line 709]
Event: 0.065 Thread 0x0030c400 Exception <a 'java/lang/NoSuchFieldError': method resolution failed> (0x04954318) thrown at [C:\re\workspace\8-2-build-windows-i586-cygwin\jdk8u112\7884\hotspot\src\share\vm\prims\methodHandles.cpp, line 1146]
Event: 0.066 Thread 0x0030c400 Exception <a 'java/lang/NoSuchFieldError': method resolution failed> (0x049604b8) thrown at [C:\re\workspace\8-2-build-windows-i586-cygwin\jdk8u112\7884\hotspot\src\share\vm\prims\methodHandles.cpp, line 1146]
Event: 0.086 Thread 0x0030c400 Exception <a 'java/io/FileNotFoundException'> (0x049f8ba8) thrown at [C:\re\workspace\8-2-build-windows-i586-cygwin\jdk8u112\7884\hotspot\src\share\vm\prims\jni.cpp, line 709]
Event: 21.453 Thread 0x1627e400 Exception <a 'java/lang/OutOfMemoryError': unable to create new native thread> (0x04861aa8) thrown at [C:\re\workspace\8-2-build-windows-i586-cygwin\jdk8u112\7884\hotspot\src\share\vm\prims\jvm.cpp, line 3033]

Events (10 events):
Event: 16.160 Executing VM operation: GenCollectForAllocation done
Event: 18.750 Executing VM operation: GenCollectForAllocation
Event: 18.762 Executing VM operation: GenCollectForAllocation done
Event: 21.391 Executing VM operation: GenCollectForAllocation
Event: 21.452 Executing VM operation: GenCollectForAllocation done
Event: 21.452 loading class sun/font/T2KFontScaler$2
Event: 21.453 loading class sun/font/T2KFontScaler$2 done
Event: 21.453 loading class sun/misc/InnocuousThread
Event: 21.453 loading class sun/misc/InnocuousThread done
Event: 21.454 Thread 0x1627e400 Thread exited: 0x1627e400


Dynamic libraries:
0x00930000 - 0x00963000 	C:\Program Files (x86)\Java\jre1.8.0_112\bin\javaw.exe
0x77280000 - 0x77400000 	C:\Windows\SysWOW64\ntdll.dll
0x768f0000 - 0x76a00000 	C:\Windows\syswow64\kernel32.dll
0x76890000 - 0x768d7000 	C:\Windows\syswow64\KERNELBASE.dll
0x76680000 - 0x76721000 	C:\Windows\syswow64\ADVAPI32.dll
0x75100000 - 0x751ac000 	C:\Windows\syswow64\msvcrt.dll
0x756a0000 - 0x756b9000 	C:\Windows\SysWOW64\sechost.dll
0x75360000 - 0x75450000 	C:\Windows\syswow64\RPCRT4.dll
0x74b70000 - 0x74bd0000 	C:\Windows\syswow64\SspiCli.dll
0x74b60000 - 0x74b6c000 	C:\Windows\syswow64\CRYPTBASE.dll
0x76790000 - 0x76890000 	C:\Windows\syswow64\USER32.dll
0x763b0000 - 0x76440000 	C:\Windows\syswow64\GDI32.dll
0x75450000 - 0x7545a000 	C:\Windows\syswow64\LPK.dll
0x75560000 - 0x755fd000 	C:\Windows\syswow64\USP10.dll
0x739b0000 - 0x73b4e000 	C:\Windows\WinSxS\x86_microsoft.windows.common-controls_6595b64144ccf1df_6.0.7601.18837_none_41e855142bd5705d\COMCTL32.dll
0x764c0000 - 0x76517000 	C:\Windows\syswow64\SHLWAPI.dll
0x74bd0000 - 0x74c30000 	C:\Windows\system32\IMM32.DLL
0x75460000 - 0x7552d000 	C:\Windows\syswow64\MSCTF.dll
0x604e0000 - 0x6059f000 	C:\Program Files (x86)\Java\jre1.8.0_112\bin\msvcr100.dll
0x5d2d0000 - 0x5d69e000 	C:\Program Files (x86)\Java\jre1.8.0_112\bin\client\jvm.dll
0x72f80000 - 0x72f87000 	C:\Windows\system32\WSOCK32.dll
0x76310000 - 0x76345000 	C:\Windows\syswow64\WS2_32.dll
0x76780000 - 0x76786000 	C:\Windows\syswow64\NSI.dll
0x73960000 - 0x73992000 	C:\Windows\system32\WINMM.dll
0x73900000 - 0x73909000 	C:\Windows\system32\VERSION.dll
0x76370000 - 0x76375000 	C:\Windows\syswow64\PSAPI.DLL
0x5d200000 - 0x5d20c000 	C:\Program Files (x86)\Java\jre1.8.0_112\bin\verify.dll
0x5d1d0000 - 0x5d1f1000 	C:\Program Files (x86)\Java\jre1.8.0_112\bin\java.dll
0x5d1b0000 - 0x5d1c3000 	C:\Program Files (x86)\Java\jre1.8.0_112\bin\zip.dll
0x756c0000 - 0x7630c000 	C:\Windows\syswow64\SHELL32.dll
0x76520000 - 0x7667d000 	C:\Windows\syswow64\ole32.dll
0x76360000 - 0x7636b000 	C:\Windows\syswow64\profapi.dll
0x60390000 - 0x604d6000 	C:\Program Files (x86)\Java\jre1.8.0_112\bin\awt.dll
0x74f10000 - 0x74fa1000 	C:\Windows\syswow64\OLEAUT32.dll
0x73660000 - 0x73673000 	C:\Windows\system32\DWMAPI.DLL
0x602c0000 - 0x60388000 	C:\Windows\system32\opengl32.dll
0x6bed0000 - 0x6bef2000 	C:\Windows\system32\GLU32.dll
0x601d0000 - 0x602b7000 	C:\Windows\system32\DDRAW.dll
0x6c320000 - 0x6c326000 	C:\Windows\system32\DCIMAN32.dll
0x751b0000 - 0x7534d000 	C:\Windows\syswow64\SETUPAPI.dll
0x76380000 - 0x763a7000 	C:\Windows\syswow64\CFGMGR32.dll
0x764a0000 - 0x764b2000 	C:\Windows\syswow64\DEVOBJ.dll
0x71620000 - 0x716a0000 	C:\Windows\system32\uxtheme.dll
0x6d0f0000 - 0x6d2b3000 	C:\Windows\system32\d3d9.dll
0x6e7d0000 - 0x6e7d6000 	C:\Windows\system32\d3d8thk.dll
0x6e6c0000 - 0x6e748000 	C:\Windows\system32\aticfx32.dll
0x6e7c0000 - 0x6e7ca000 	C:\Windows\system32\atiu9pag.dll
0x62be0000 - 0x62fca000 	C:\Windows\system32\atiumdag.dll
0x63050000 - 0x633b4000 	C:\Windows\system32\atiumdva.dll
0x5fb10000 - 0x5fb49000 	C:\Program Files (x86)\Java\jre1.8.0_112\bin\fontmanager.dll
0x76df0000 - 0x76e73000 	C:\Windows\syswow64\CLBCatQ.DLL
0x5d190000 - 0x5d1a6000 	C:\Program Files (x86)\Java\jre1.8.0_112\bin\net.dll
0x735b0000 - 0x735ec000 	C:\Windows\system32\mswsock.dll
0x73560000 - 0x73566000 	C:\Windows\System32\wship6.dll
0x5d180000 - 0x5d18f000 	C:\Program Files (x86)\Java\jre1.8.0_112\bin\nio.dll
0x5fad0000 - 0x5fb02000 	C:\Program Files (x86)\Java\jre1.8.0_112\bin\t2k.dll

VM Arguments:
jvm_args: -Dfile.encoding=Cp1252 
java_command: Game.main.Game
java_class_path (initial): C:\Users\232219\Documents\GitHub\.metadata\KYMA\bin
Launcher Type: SUN_STANDARD

Environment Variables:
PATH=C:/Program Files (x86)/Java/jre1.8.0_112/bin/client;C:/Program Files (x86)/Java/jre1.8.0_112/bin;C:/Program Files (x86)/Java/jre1.8.0_112/lib/i386;C:\ProgramData\Oracle\Java\javapath;C:\Windows\system32;C:\Windows;C:\Windows\System32\Wbem;C:\Program Files (x86)\ATI Technologies\ATI.ACE\Core-Static;c:\Program Files (x86)\Microsoft SQL Server\100\Tools\Binn\;c:\Program Files\Microsoft SQL Server\100\Tools\Binn\;c:\Program Files\Microsoft SQL Server\100\DTS\Binn\;C:\Windows\System32\WindowsPowerShell\v1.0\;C:\Windows\System32\WindowsPowerShell\v1.0\;C:\Program Files (x86)\Windows Kits\8.1\Windows Performance Toolkit\;C:\Program Files\Microsoft SQL Server\110\Tools\Binn\;C:\Program Files (x86)\Microsoft SDKs\TypeScript\1.0\;C:\Program Files\Microsoft SQL Server\120\Tools\Binn\;C:\Program Files (x86)\QuickTime\QTSystem\;C:\Windows\system32\config\systemprofile\.dnx\bin;C:\Program Files\Microsoft DNX\Dnvm\;C:\Program Files\Microsoft SQL Server\130\Tools\Binn\;C:\Program Files\Git\cmd;N:\32 Bit NEON ECLIPSE;
USERNAME=232219
OS=Windows_NT
PROCESSOR_IDENTIFIER=Intel64 Family 6 Model 42 Stepping 7, GenuineIntel



---------------  S Y S T E M  ---------------

OS:Call to GetFileVersionInfoSize failed

CPU:total 8 (4 cores per cpu, 2 threads per core) family 6 model 42 stepping 7, cmov, cx8, fxsr, mmx, sse, sse2, sse3, ssse3, sse4.1, sse4.2, popcnt, avx, aes, clmul, ht, tsc, tscinvbit

Memory: 4k page, physical 8344508k(3134724k free), swap 16687156k(9717636k free)

vm_info: Java HotSpot(TM) Client VM (25.112-b15) for windows-x86 JRE (1.8.0_112-b15), built on Sep 22 2016 21:03:20 by "java_re" with MS VC++ 10.0 (VS2010)

time: Tue Jan 17 12:35:51 2017
elapsed time: 22 seconds (0d 0h 0m 22s)

