#
# There is insufficient memory for the Java Runtime Environment to continue.
# Native memory allocation (malloc) failed to allocate 32756 bytes for ChunkPool::allocate
# Possible reasons:
#   The system is out of physical RAM or swap space
#   In 32 bit mode, the process size limit was hit
# Possible solutions:
#   Reduce memory load on the system
#   Increase physical memory or swap space
#   Check if swap backing store is full
#   Use 64 bit Java on a 64 bit OS
#   Decrease Java heap size (-Xmx/-Xms)
#   Decrease number of Java threads
#   Decrease Java thread stack sizes (-Xss)
#   Set larger code cache with -XX:ReservedCodeCacheSize=
# This output file may be truncated or incomplete.
#
#  Out of Memory Error (allocation.cpp:273), pid=5432, tid=0x00001e50
#
# JRE version: Java(TM) SE Runtime Environment (8.0_112-b15) (build 1.8.0_112-b15)
# Java VM: Java HotSpot(TM) Client VM (25.112-b15 mixed mode, sharing windows-x86 )
# Failed to write core dump. Minidumps are not enabled by default on client versions of Windows
#

---------------  T H R E A D  ---------------

Current thread (0x00d8c000):  JavaThread "C1 CompilerThread0" daemon [_thread_in_native, id=7760, stack(0x00fd0000,0x01020000)]

Stack: [0x00fd0000,0x01020000],  sp=0x0101eb40,  free space=314k
Native frames: (J=compiled Java code, j=interpreted, Vv=VM code, C=native code)
V  [jvm.dll+0x1aa21b]
V  [jvm.dll+0x1a2a28]
V  [jvm.dll+0x8c801]
V  [jvm.dll+0x8c9dd]
V  [jvm.dll+0x8ce77]
V  [jvm.dll+0x28e052]
V  [jvm.dll+0x290471]
V  [jvm.dll+0x2946b9]
V  [jvm.dll+0x296558]
V  [jvm.dll+0x298b2d]
V  [jvm.dll+0x298fd7]
V  [jvm.dll+0x2959e2]
V  [jvm.dll+0x297bc6]
V  [jvm.dll+0x2981c8]
V  [jvm.dll+0x298dde]
V  [jvm.dll+0x298fd7]
V  [jvm.dll+0x2959e2]
V  [jvm.dll+0x297bc6]
V  [jvm.dll+0x2985e6]
V  [jvm.dll+0x29c5cd]
V  [jvm.dll+0x29c71b]
V  [jvm.dll+0x289cf2]
V  [jvm.dll+0x289edb]
V  [jvm.dll+0x28a02a]
V  [jvm.dll+0x28a198]
V  [jvm.dll+0x28a412]
V  [jvm.dll+0x7028a]
V  [jvm.dll+0x70a3f]
V  [jvm.dll+0x17d670]
V  [jvm.dll+0x17deea]
V  [jvm.dll+0x1c2986]
C  [msvcr100.dll+0x5c556]
C  [msvcr100.dll+0x5c600]
C  [kernel32.dll+0x1336a]
C  [ntdll.dll+0x39902]
C  [ntdll.dll+0x398d5]
C  0x00000000


Current CompileTask:
C1:  26353  790             sun.nio.cs.SingleByte$Encoder::encodeArrayLoop (236 bytes)


---------------  P R O C E S S  ---------------

Java Threads: ( => current thread )
  0x00cbc400 JavaThread "DestroyJavaVM" [_thread_blocked, id=4188, stack(0x01020000,0x01070000)]
  0x15d5b400 JavaThread "D3D Screen Updater" daemon [_thread_blocked, id=6336, stack(0x17d40000,0x17d90000)]
  0x15d53c00 JavaThread "Thread-2" [_thread_in_native, id=5392, stack(0x18d60000,0x18db0000)]
  0x15d39800 JavaThread "AWT-EventQueue-0" [_thread_blocked, id=5680, stack(0x18cb0000,0x18d00000)]
  0x15cddc00 JavaThread "AWT-Windows" daemon [_thread_in_native, id=4952, stack(0x16470000,0x164c0000)]
  0x15cdcc00 JavaThread "AWT-Shutdown" [_thread_blocked, id=6656, stack(0x16550000,0x165a0000)]
  0x00db7400 JavaThread "Service Thread" daemon [_thread_blocked, id=3596, stack(0x15bb0000,0x15c00000)]
=>0x00d8c000 JavaThread "C1 CompilerThread0" daemon [_thread_in_native, id=7760, stack(0x00fd0000,0x01020000)]
  0x00d8a000 JavaThread "Attach Listener" daemon [_thread_blocked, id=7372, stack(0x15b40000,0x15b90000)]
  0x00d86800 JavaThread "Signal Dispatcher" daemon [_thread_blocked, id=6788, stack(0x00c50000,0x00ca0000)]
  0x00d7b000 JavaThread "Finalizer" daemon [_thread_blocked, id=4080, stack(0x15ae0000,0x15b30000)]
  0x00d1f400 JavaThread "Reference Handler" daemon [_thread_blocked, id=6536, stack(0x15a80000,0x15ad0000)]

Other Threads:
  0x00d1a800 VMThread [stack: 0x15310000,0x15360000] [id=7432]
  0x00db9400 WatcherThread [stack: 0x16130000,0x16180000] [id=4660]

VM state:not at safepoint (normal execution)

VM Mutex/Monitor currently owned by a thread: None

Heap:
 def new generation   total 21888K, used 11853K [0x04800000, 0x05fb0000, 0x09d50000)
  eden space 19520K,  60% used [0x04800000, 0x053934d0, 0x05b10000)
  from space 2368K,   0% used [0x05b10000, 0x05b10000, 0x05d60000)
  to   space 2368K,   0% used [0x05d60000, 0x05d60000, 0x05fb0000)
 tenured generation   total 48384K, used 29030K [0x09d50000, 0x0cc90000, 0x14800000)
   the space 48384K,  59% used [0x09d50000, 0x0b9a9980, 0x0b9a9a00, 0x0cc90000)
 Metaspace       used 433K, capacity 2526K, committed 2624K, reserved 4480K

Card table byte_map: [0x00dc0000,0x00e50000] byte_map_base: 0x00d9c000

Polling page: 0x001c0000

CodeCache: size=32768Kb used=1642Kb max_used=1642Kb free=31125Kb
 bounds [0x027b0000, 0x02950000, 0x047b0000]
 total_blobs=1008 nmethods=789 adapters=150
 compilation: enabled

Compilation events (10 events):
Event: 21.437 Thread 0x00d8c000 nmethod 784% 0x029486c8 code [0x029488c0, 0x02949244]
Event: 22.468 Thread 0x00d8c000  785             Game.main.Game::clamp (22 bytes)
Event: 22.468 Thread 0x00d8c000 nmethod 785 0x02949c48 code [0x02949d40, 0x02949df0]
Event: 24.784 Thread 0x00d8c000  787 %           java.lang.ref.Reference$ReferenceHandler::run @ 0 (8 bytes)
Event: 24.784 Thread 0x00d8c000 nmethod 787% 0x0294a108 code [0x0294a210, 0x0294a2bc]
Event: 25.185 Thread 0x00d8c000  788             Game.main.Game::tick (52 bytes)
Event: 25.185 Thread 0x00d8c000 nmethod 788 0x0294a348 code [0x0294a470, 0x0294a594]
Event: 25.402 Thread 0x00d8c000  789             java.util.LinkedList::remove (77 bytes)
Event: 25.402 Thread 0x00d8c000 nmethod 789 0x0294a6c8 code [0x0294a7f0, 0x0294a954]
Event: 26.336 Thread 0x00d8c000  790             sun.nio.cs.SingleByte$Encoder::encodeArrayLoop (236 bytes)

GC Heap History (10 events):
Event: 15.467 GC heap before
{Heap before GC invocations=15 (full 2):
 def new generation   total 16640K, used 14848K [0x04800000, 0x05a00000, 0x09d50000)
  eden space 14848K, 100% used [0x04800000, 0x05680000, 0x05680000)
  from space 1792K,   0% used [0x05680000, 0x05680000, 0x05840000)
  to   space 1792K,   0% used [0x05840000, 0x05840000, 0x05a00000)
 tenured generation   total 36716K, used 22027K [0x09d50000, 0x0c12b000, 0x14800000)
   the space 36716K,  59% used [0x09d50000, 0x0b2d2d38, 0x0b2d2e00, 0x0c12b000)
 Metaspace       used 415K, capacity 2526K, committed 2624K, reserved 4480K
Event: 15.478 GC heap after
Heap after GC invocations=16 (full 2):
 def new generation   total 16640K, used 1792K [0x04800000, 0x05a00000, 0x09d50000)
  eden space 14848K,   0% used [0x04800000, 0x04800000, 0x05680000)
  from space 1792K, 100% used [0x05840000, 0x05a00000, 0x05a00000)
  to   space 1792K,   0% used [0x05680000, 0x05680000, 0x05840000)
 tenured generation   total 36716K, used 25180K [0x09d50000, 0x0c12b000, 0x14800000)
   the space 36716K,  68% used [0x09d50000, 0x0b5e72e0, 0x0b5e7400, 0x0c12b000)
 Metaspace       used 415K, capacity 2526K, committed 2624K, reserved 4480K
}
Event: 17.521 GC heap before
{Heap before GC invocations=16 (full 2):
 def new generation   total 16640K, used 16640K [0x04800000, 0x05a00000, 0x09d50000)
  eden space 14848K, 100% used [0x04800000, 0x05680000, 0x05680000)
  from space 1792K, 100% used [0x05840000, 0x05a00000, 0x05a00000)
  to   space 1792K,   0% used [0x05680000, 0x05680000, 0x05840000)
 tenured generation   total 36716K, used 25180K [0x09d50000, 0x0c12b000, 0x14800000)
   the space 36716K,  68% used [0x09d50000, 0x0b5e72e0, 0x0b5e7400, 0x0c12b000)
 Metaspace       used 420K, capacity 2526K, committed 2624K, reserved 4480K
Event: 17.532 GC heap after
Heap after GC invocations=17 (full 2):
 def new generation   total 16640K, used 1792K [0x04800000, 0x05a00000, 0x09d50000)
  eden space 14848K,   0% used [0x04800000, 0x04800000, 0x05680000)
  from space 1792K, 100% used [0x05680000, 0x05840000, 0x05840000)
  to   space 1792K,   0% used [0x05840000, 0x05840000, 0x05a00000)
 tenured generation   total 36716K, used 29462K [0x09d50000, 0x0c12b000, 0x14800000)
   the space 36716K,  80% used [0x09d50000, 0x0ba15a88, 0x0ba15c00, 0x0c12b000)
 Metaspace       used 420K, capacity 2526K, committed 2624K, reserved 4480K
}
Event: 19.240 GC heap before
{Heap before GC invocations=17 (full 2):
 def new generation   total 16640K, used 16640K [0x04800000, 0x05a00000, 0x09d50000)
  eden space 14848K, 100% used [0x04800000, 0x05680000, 0x05680000)
  from space 1792K, 100% used [0x05680000, 0x05840000, 0x05840000)
  to   space 1792K,   0% used [0x05840000, 0x05840000, 0x05a00000)
 tenured generation   total 36716K, used 29462K [0x09d50000, 0x0c12b000, 0x14800000)
   the space 36716K,  80% used [0x09d50000, 0x0ba15a88, 0x0ba15c00, 0x0c12b000)
 Metaspace       used 420K, capacity 2526K, committed 2624K, reserved 4480K
Event: 19.249 GC heap after
Heap after GC invocations=18 (full 2):
 def new generation   total 16640K, used 1792K [0x04800000, 0x05a00000, 0x09d50000)
  eden space 14848K,   0% used [0x04800000, 0x04800000, 0x05680000)
  from space 1792K, 100% used [0x05840000, 0x05a00000, 0x05a00000)
  to   space 1792K,   0% used [0x05680000, 0x05680000, 0x05840000)
 tenured generation   total 36716K, used 33054K [0x09d50000, 0x0c12b000, 0x14800000)
   the space 36716K,  90% used [0x09d50000, 0x0bd97810, 0x0bd97a00, 0x0c12b000)
 Metaspace       used 420K, capacity 2526K, committed 2624K, reserved 4480K
}
Event: 20.986 GC heap before
{Heap before GC invocations=18 (full 2):
 def new generation   total 16640K, used 16640K [0x04800000, 0x05a00000, 0x09d50000)
  eden space 14848K, 100% used [0x04800000, 0x05680000, 0x05680000)
  from space 1792K, 100% used [0x05840000, 0x05a00000, 0x05a00000)
  to   space 1792K,   0% used [0x05680000, 0x05680000, 0x05840000)
 tenured generation   total 36716K, used 33054K [0x09d50000, 0x0c12b000, 0x14800000)
   the space 36716K,  90% used [0x09d50000, 0x0bd97810, 0x0bd97a00, 0x0c12b000)
 Metaspace       used 420K, capacity 2526K, committed 2624K, reserved 4480K
Event: 20.994 GC heap after
Heap after GC invocations=19 (full 2):
 def new generation   total 16640K, used 1792K [0x04800000, 0x05a00000, 0x09d50000)
  eden space 14848K,   0% used [0x04800000, 0x04800000, 0x05680000)
  from space 1792K, 100% used [0x05680000, 0x05840000, 0x05840000)
  to   space 1792K,   0% used [0x05840000, 0x05840000, 0x05a00000)
 tenured generation   total 36716K, used 36657K [0x09d50000, 0x0c12b000, 0x14800000)
   the space 36716K,  99% used [0x09d50000, 0x0c11c4d8, 0x0c11c600, 0x0c12b000)
 Metaspace       used 420K, capacity 2526K, committed 2624K, reserved 4480K
}
Event: 24.721 GC heap before
{Heap before GC invocations=19 (full 2):
 def new generation   total 16640K, used 16640K [0x04800000, 0x05a00000, 0x09d50000)
  eden space 14848K, 100% used [0x04800000, 0x05680000, 0x05680000)
  from space 1792K, 100% used [0x05680000, 0x05840000, 0x05840000)
  to   space 1792K,   0% used [0x05840000, 0x05840000, 0x05a00000)
 tenured generation   total 36716K, used 36657K [0x09d50000, 0x0c12b000, 0x14800000)
   the space 36716K,  99% used [0x09d50000, 0x0c11c4d8, 0x0c11c600, 0x0c12b000)
 Metaspace       used 429K, capacity 2526K, committed 2624K, reserved 4480K
Event: 24.783 GC heap after
Heap after GC invocations=20 (full 3):
 def new generation   total 21888K, used 0K [0x04800000, 0x05fb0000, 0x09d50000)
  eden space 19520K,   0% used [0x04800000, 0x04800000, 0x05b10000)
  from space 2368K,   0% used [0x05b10000, 0x05b10000, 0x05d60000)
  to   space 2368K,   0% used [0x05d60000, 0x05d60000, 0x05fb0000)
 tenured generation   total 48384K, used 29030K [0x09d50000, 0x0cc90000, 0x14800000)
   the space 48384K,  59% used [0x09d50000, 0x0b9a9980, 0x0b9a9a00, 0x0cc90000)
 Metaspace       used 429K, capacity 2526K, committed 2624K, reserved 4480K
}

Deoptimization events (0 events):
No events

Internal exceptions (10 events):
Event: 0.041 Thread 0x00cbc400 Exception <a 'java/security/PrivilegedActionException'> (0x048806e0) thrown at [C:\re\workspace\8-2-build-windows-i586-cygwin\jdk8u112\7884\hotspot\src\share\vm\prims\jvm.cpp, line 1390]
Event: 0.041 Thread 0x00cbc400 Exception <a 'java/security/PrivilegedActionException'> (0x048808e0) thrown at [C:\re\workspace\8-2-build-windows-i586-cygwin\jdk8u112\7884\hotspot\src\share\vm\prims\jvm.cpp, line 1390]
Event: 0.043 Thread 0x00cbc400 Exception <a 'java/io/FileNotFoundException'> (0x04882ac0) thrown at [C:\re\workspace\8-2-build-windows-i586-cygwin\jdk8u112\7884\hotspot\src\share\vm\prims\jni.cpp, line 709]
Event: 0.064 Thread 0x00cbc400 Exception <a 'java/lang/NoSuchFieldError': method resolution failed> (0x04954318) thrown at [C:\re\workspace\8-2-build-windows-i586-cygwin\jdk8u112\7884\hotspot\src\share\vm\prims\methodHandles.cpp, line 1146]
Event: 0.066 Thread 0x00cbc400 Exception <a 'java/lang/NoSuchFieldError': method resolution failed> (0x049604b8) thrown at [C:\re\workspace\8-2-build-windows-i586-cygwin\jdk8u112\7884\hotspot\src\share\vm\prims\methodHandles.cpp, line 1146]
Event: 0.084 Thread 0x00cbc400 Exception <a 'java/io/FileNotFoundException'> (0x049f8ba8) thrown at [C:\re\workspace\8-2-build-windows-i586-cygwin\jdk8u112\7884\hotspot\src\share\vm\prims\jni.cpp, line 709]
Event: 24.784 Thread 0x15cd9c00 Exception <a 'java/lang/OutOfMemoryError': unable to create new native thread> (0x04863cf8) thrown at [C:\re\workspace\8-2-build-windows-i586-cygwin\jdk8u112\7884\hotspot\src\share\vm\prims\jvm.cpp, line 3033]
Event: 26.335 Thread 0x15d39800 Exception <a 'java/lang/OutOfMemoryError': OutOfMemoryError> (0x0532a330) thrown at [C:\re\workspace\8-2-build-windows-i586-cygwin\jdk8u112\7884\hotspot\src\share\vm\prims\jni.cpp, line 735]
Event: 26.335 Thread 0x15d39800 Exception <a 'java/lang/OutOfMemoryError'> (0x0532a330) thrown at [C:\re\workspace\8-2-build-windows-i586-cygwin\jdk8u112\7884\hotspot\src\share\vm\prims\jvm.cpp, line 1394]
Event: 26.335 Thread 0x15d39800 Exception <a 'java/lang/OutOfMemoryError'> (0x0532a330) thrown at [C:\re\workspace\8-2-build-windows-i586-cygwin\jdk8u112\7884\hotspot\src\share\vm\prims\jvm.cpp, line 1394]

Events (10 events):
Event: 22.662 loading class javax/swing/JComponent$IntVector done
Event: 24.456 loading class sun/font/NullFontScaler
Event: 24.456 loading class sun/font/NullFontScaler done
Event: 24.721 Executing VM operation: GenCollectForAllocation
Event: 24.783 Executing VM operation: GenCollectForAllocation done
Event: 24.783 loading class sun/font/T2KFontScaler$2
Event: 24.783 loading class sun/font/T2KFontScaler$2 done
Event: 24.783 loading class sun/misc/InnocuousThread
Event: 24.784 loading class sun/misc/InnocuousThread done
Event: 24.785 Thread 0x15cd9c00 Thread exited: 0x15cd9c00


Dynamic libraries:
0x01370000 - 0x013a3000 	C:\Program Files (x86)\Java\jre1.8.0_112\bin\javaw.exe
0x77280000 - 0x77400000 	C:\Windows\SysWOW64\ntdll.dll
0x768f0000 - 0x76a00000 	C:\Windows\syswow64\kernel32.dll
0x76890000 - 0x768d7000 	C:\Windows\syswow64\KERNELBASE.dll
0x76680000 - 0x76721000 	C:\Windows\syswow64\ADVAPI32.dll
0x75100000 - 0x751ac000 	C:\Windows\syswow64\msvcrt.dll
0x756a0000 - 0x756b9000 	C:\Windows\SysWOW64\sechost.dll
0x75360000 - 0x75450000 	C:\Windows\syswow64\RPCRT4.dll
0x74b70000 - 0x74bd0000 	C:\Windows\syswow64\SspiCli.dll
0x74b60000 - 0x74b6c000 	C:\Windows\syswow64\CRYPTBASE.dll
0x76790000 - 0x76890000 	C:\Windows\syswow64\USER32.dll
0x763b0000 - 0x76440000 	C:\Windows\syswow64\GDI32.dll
0x75450000 - 0x7545a000 	C:\Windows\syswow64\LPK.dll
0x75560000 - 0x755fd000 	C:\Windows\syswow64\USP10.dll
0x739b0000 - 0x73b4e000 	C:\Windows\WinSxS\x86_microsoft.windows.common-controls_6595b64144ccf1df_6.0.7601.18837_none_41e855142bd5705d\COMCTL32.dll
0x764c0000 - 0x76517000 	C:\Windows\syswow64\SHLWAPI.dll
0x74bd0000 - 0x74c30000 	C:\Windows\system32\IMM32.DLL
0x75460000 - 0x7552d000 	C:\Windows\syswow64\MSCTF.dll
0x60420000 - 0x604df000 	C:\Program Files (x86)\Java\jre1.8.0_112\bin\msvcr100.dll
0x5d2d0000 - 0x5d69e000 	C:\Program Files (x86)\Java\jre1.8.0_112\bin\client\jvm.dll
0x72f80000 - 0x72f87000 	C:\Windows\system32\WSOCK32.dll
0x76310000 - 0x76345000 	C:\Windows\syswow64\WS2_32.dll
0x76780000 - 0x76786000 	C:\Windows\syswow64\NSI.dll
0x73960000 - 0x73992000 	C:\Windows\system32\WINMM.dll
0x73900000 - 0x73909000 	C:\Windows\system32\VERSION.dll
0x76370000 - 0x76375000 	C:\Windows\syswow64\PSAPI.DLL
0x5d200000 - 0x5d20c000 	C:\Program Files (x86)\Java\jre1.8.0_112\bin\verify.dll
0x5d1d0000 - 0x5d1f1000 	C:\Program Files (x86)\Java\jre1.8.0_112\bin\java.dll
0x5d1b0000 - 0x5d1c3000 	C:\Program Files (x86)\Java\jre1.8.0_112\bin\zip.dll
0x756c0000 - 0x7630c000 	C:\Windows\syswow64\SHELL32.dll
0x76520000 - 0x7667d000 	C:\Windows\syswow64\ole32.dll
0x76360000 - 0x7636b000 	C:\Windows\syswow64\profapi.dll
0x602d0000 - 0x60416000 	C:\Program Files (x86)\Java\jre1.8.0_112\bin\awt.dll
0x74f10000 - 0x74fa1000 	C:\Windows\syswow64\OLEAUT32.dll
0x73660000 - 0x73673000 	C:\Windows\system32\DWMAPI.DLL
0x60200000 - 0x602c8000 	C:\Windows\system32\opengl32.dll
0x60570000 - 0x60592000 	C:\Windows\system32\GLU32.dll
0x5f990000 - 0x5fa77000 	C:\Windows\system32\DDRAW.dll
0x6c310000 - 0x6c316000 	C:\Windows\system32\DCIMAN32.dll
0x751b0000 - 0x7534d000 	C:\Windows\syswow64\SETUPAPI.dll
0x76380000 - 0x763a7000 	C:\Windows\syswow64\CFGMGR32.dll
0x764a0000 - 0x764b2000 	C:\Windows\syswow64\DEVOBJ.dll
0x71620000 - 0x716a0000 	C:\Windows\system32\uxtheme.dll
0x6d0f0000 - 0x6d2b3000 	C:\Windows\system32\d3d9.dll
0x6e7d0000 - 0x6e7d6000 	C:\Windows\system32\d3d8thk.dll
0x6e6c0000 - 0x6e748000 	C:\Windows\system32\aticfx32.dll
0x6e7c0000 - 0x6e7ca000 	C:\Windows\system32\atiu9pag.dll
0x62be0000 - 0x62fca000 	C:\Windows\system32\atiumdag.dll
0x63050000 - 0x633b4000 	C:\Windows\system32\atiumdva.dll
0x60530000 - 0x60569000 	C:\Program Files (x86)\Java\jre1.8.0_112\bin\fontmanager.dll
0x76df0000 - 0x76e73000 	C:\Windows\syswow64\CLBCatQ.DLL
0x5d190000 - 0x5d1a6000 	C:\Program Files (x86)\Java\jre1.8.0_112\bin\net.dll
0x735b0000 - 0x735ec000 	C:\Windows\system32\mswsock.dll
0x73560000 - 0x73566000 	C:\Windows\System32\wship6.dll
0x5d180000 - 0x5d18f000 	C:\Program Files (x86)\Java\jre1.8.0_112\bin\nio.dll
0x604f0000 - 0x60522000 	C:\Program Files (x86)\Java\jre1.8.0_112\bin\t2k.dll

VM Arguments:
jvm_args: -Dfile.encoding=Cp1252 
java_command: Game.main.Game
java_class_path (initial): C:\Users\232219\Documents\GitHub\.metadata\KYMA\bin
Launcher Type: SUN_STANDARD

Environment Variables:
PATH=C:/Program Files (x86)/Java/jre1.8.0_112/bin/client;C:/Program Files (x86)/Java/jre1.8.0_112/bin;C:/Program Files (x86)/Java/jre1.8.0_112/lib/i386;C:\ProgramData\Oracle\Java\javapath;C:\Windows\system32;C:\Windows;C:\Windows\System32\Wbem;C:\Program Files (x86)\ATI Technologies\ATI.ACE\Core-Static;c:\Program Files (x86)\Microsoft SQL Server\100\Tools\Binn\;c:\Program Files\Microsoft SQL Server\100\Tools\Binn\;c:\Program Files\Microsoft SQL Server\100\DTS\Binn\;C:\Windows\System32\WindowsPowerShell\v1.0\;C:\Windows\System32\WindowsPowerShell\v1.0\;C:\Program Files (x86)\Windows Kits\8.1\Windows Performance Toolkit\;C:\Program Files\Microsoft SQL Server\110\Tools\Binn\;C:\Program Files (x86)\Microsoft SDKs\TypeScript\1.0\;C:\Program Files\Microsoft SQL Server\120\Tools\Binn\;C:\Program Files (x86)\QuickTime\QTSystem\;C:\Windows\system32\config\systemprofile\.dnx\bin;C:\Program Files\Microsoft DNX\Dnvm\;C:\Program Files\Microsoft SQL Server\130\Tools\Binn\;C:\Program Files\Git\cmd;N:\32 Bit NEON ECLIPSE;
USERNAME=232219
OS=Windows_NT
PROCESSOR_IDENTIFIER=Intel64 Family 6 Model 42 Stepping 7, GenuineIntel



---------------  S Y S T E M  ---------------

OS:Call to GetFileVersionInfoSize failed

CPU:total 8 (4 cores per cpu, 2 threads per core) family 6 model 42 stepping 7, cmov, cx8, fxsr, mmx, sse, sse2, sse3, ssse3, sse4.1, sse4.2, popcnt, avx, aes, clmul, ht, tsc, tscinvbit

Memory: 4k page, physical 8344508k(3113064k free), swap 16687156k(9689668k free)

vm_info: Java HotSpot(TM) Client VM (25.112-b15) for windows-x86 JRE (1.8.0_112-b15), built on Sep 22 2016 21:03:20 by "java_re" with MS VC++ 10.0 (VS2010)

time: Tue Jan 17 12:51:19 2017
elapsed time: 26 seconds (0d 0h 0m 26s)

