#
# There is insufficient memory for the Java Runtime Environment to continue.
# Native memory allocation (malloc) failed to allocate 156 bytes for AllocateHeap
# Possible reasons:
#   The system is out of physical RAM or swap space
#   In 32 bit mode, the process size limit was hit
# Possible solutions:
#   Reduce memory load on the system
#   Increase physical memory or swap space
#   Check if swap backing store is full
#   Use 64 bit Java on a 64 bit OS
#   Decrease Java heap size (-Xmx/-Xms)
#   Decrease number of Java threads
#   Decrease Java thread stack sizes (-Xss)
#   Set larger code cache with -XX:ReservedCodeCacheSize=
# This output file may be truncated or incomplete.
#
#  Out of Memory Error (memory/allocation.inline.hpp:61), pid=1892, tid=0x00000640
#
# JRE version: Java(TM) SE Runtime Environment (8.0_112-b15) (build 1.8.0_112-b15)
# Java VM: Java HotSpot(TM) Client VM (25.112-b15 mixed mode, sharing windows-x86 )
# Failed to write core dump. Minidumps are not enabled by default on client versions of Windows
#

---------------  T H R E A D  ---------------

Current thread (0x162f3400):  JavaThread "Thread-2" [_thread_in_vm, id=1600, stack(0x16460000,0x164b0000)]

Stack: [0x16460000,0x164b0000],  sp=0x164aeed0,  free space=315k
Native frames: (J=compiled Java code, j=interpreted, Vv=VM code, C=native code)
V  [jvm.dll+0x1aa21b]
V  [jvm.dll+0x1a2a28]
V  [jvm.dll+0x5064]
V  [jvm.dll+0x5538]
V  [jvm.dll+0x15b683]
V  [jvm.dll+0x15a405]
V  [jvm.dll+0x15a90f]
V  [jvm.dll+0x220d0e]
V  [jvm.dll+0x15a9de]
V  [jvm.dll+0x10ae1f]
C  [java.dll+0x1015]
J 565 C1 sun.font.TrueTypeFont.open(Z)Ljava/nio/channels/FileChannel; (170 bytes) @ 0x0287b790 [0x0287b4e0+0x2b0]
J 559 C1 sun.font.TrueTypeFont.<init>(Ljava/lang/String;Ljava/lang/Object;IZZ)V (111 bytes) @ 0x02879c40 [0x02879b10+0x130]
J 626 C1 sun.font.SunFontManager.createFont2D(Ljava/io/File;IZLsun/font/CreatedFontTracker;)Lsun/font/Font2D; (207 bytes) @ 0x0288e104 [0x0288dff0+0x114]
J 557 C1 java.awt.Font.<init>(Ljava/io/File;IZLsun/font/CreatedFontTracker;)V (76 bytes) @ 0x028793a0 [0x028791c0+0x1e0]
J 556 C1 java.awt.Font.createFont(ILjava/io/File;)Ljava/awt/Font; (104 bytes) @ 0x0287890c [0x02878740+0x1cc]
J 555 C1 Game.main.Menu.render(Ljava/awt/Graphics;)V (813 bytes) @ 0x02876404 [0x02876370+0x94]
J 545 C1 Game.main.Game.render()V (112 bytes) @ 0x028719dc [0x02871900+0xdc]
j  Game.main.Game.run()V+82
j  java.lang.Thread.run()V+11
v  ~StubRoutines::call_stub
V  [jvm.dll+0x15a945]
V  [jvm.dll+0x220d0e]
V  [jvm.dll+0x15a9de]
V  [jvm.dll+0x15ab66]
V  [jvm.dll+0x15abd7]
V  [jvm.dll+0xfeeaf]
V  [jvm.dll+0x17d670]
V  [jvm.dll+0x17deea]
V  [jvm.dll+0x1c2986]
C  [msvcr100.dll+0x5c556]
C  [msvcr100.dll+0x5c600]
C  [kernel32.dll+0x1336a]
C  [ntdll.dll+0x39902]
C  [ntdll.dll+0x398d5]
C  0x00000000

Java frames: (J=compiled Java code, j=interpreted, Vv=VM code)
J 470  java.security.AccessController.doPrivileged(Ljava/security/PrivilegedAction;)Ljava/lang/Object; (0 bytes) @ 0x02860970 [0x02860920+0x50]
J 565 C1 sun.font.TrueTypeFont.open(Z)Ljava/nio/channels/FileChannel; (170 bytes) @ 0x0287b790 [0x0287b4e0+0x2b0]
J 559 C1 sun.font.TrueTypeFont.<init>(Ljava/lang/String;Ljava/lang/Object;IZZ)V (111 bytes) @ 0x02879c40 [0x02879b10+0x130]
J 626 C1 sun.font.SunFontManager.createFont2D(Ljava/io/File;IZLsun/font/CreatedFontTracker;)Lsun/font/Font2D; (207 bytes) @ 0x0288e104 [0x0288dff0+0x114]
J 557 C1 java.awt.Font.<init>(Ljava/io/File;IZLsun/font/CreatedFontTracker;)V (76 bytes) @ 0x028793a0 [0x028791c0+0x1e0]
J 556 C1 java.awt.Font.createFont(ILjava/io/File;)Ljava/awt/Font; (104 bytes) @ 0x0287890c [0x02878740+0x1cc]
J 555 C1 Game.main.Menu.render(Ljava/awt/Graphics;)V (813 bytes) @ 0x02876404 [0x02876370+0x94]
J 545 C1 Game.main.Game.render()V (112 bytes) @ 0x028719dc [0x02871900+0xdc]
j  Game.main.Game.run()V+82
j  java.lang.Thread.run()V+11
v  ~StubRoutines::call_stub

---------------  P R O C E S S  ---------------

Java Threads: ( => current thread )
  0x01bbc400 JavaThread "DestroyJavaVM" [_thread_blocked, id=6440, stack(0x02410000,0x02460000)]
  0x162f8000 JavaThread "D3D Screen Updater" daemon [_thread_blocked, id=5076, stack(0x18de0000,0x18e30000)]
=>0x162f3400 JavaThread "Thread-2" [_thread_in_vm, id=1600, stack(0x16460000,0x164b0000)]
  0x162d9000 JavaThread "AWT-EventQueue-0" [_thread_blocked, id=5692, stack(0x18d90000,0x18de0000)]
  0x16280800 JavaThread "AWT-Windows" daemon [_thread_in_native, id=8000, stack(0x16410000,0x16460000)]
  0x1627f800 JavaThread "AWT-Shutdown" [_thread_blocked, id=6100, stack(0x16610000,0x16660000)]
  0x1627c000 JavaThread "Java2D Disposer" daemon [_thread_blocked, id=4668, stack(0x16590000,0x165e0000)]
  0x0228b800 JavaThread "Service Thread" daemon [_thread_blocked, id=4396, stack(0x15ee0000,0x15f30000)]
  0x0226c000 JavaThread "C1 CompilerThread0" daemon [_thread_blocked, id=6008, stack(0x15c20000,0x15c70000)]
  0x0226a000 JavaThread "Attach Listener" daemon [_thread_blocked, id=4232, stack(0x15d20000,0x15d70000)]
  0x02266800 JavaThread "Signal Dispatcher" daemon [_thread_blocked, id=5220, stack(0x15ca0000,0x15cf0000)]
  0x0225b000 JavaThread "Finalizer" daemon [_thread_blocked, id=4300, stack(0x04750000,0x047a0000)]
  0x021ff400 JavaThread "Reference Handler" daemon [_thread_blocked, id=5728, stack(0x15370000,0x153c0000)]

Other Threads:
  0x021fa800 VMThread [stack: 0x15320000,0x15370000] [id=6924]
  0x0229d800 WatcherThread [stack: 0x15e30000,0x15e80000] [id=3888]

VM state:not at safepoint (normal execution)

VM Mutex/Monitor currently owned by a thread:  ([mutex/lock_event])
[0x01bba458] JNIHandleBlockFreeList_lock - owner thread: 0x162f3400

Heap:
 def new generation   total 16192K, used 14434K [0x04800000, 0x05990000, 0x09d50000)
  eden space 14400K,  87% used [0x04800000, 0x05458868, 0x05610000)
  from space 1792K, 100% used [0x057d0000, 0x05990000, 0x05990000)
  to   space 1792K,   0% used [0x05610000, 0x05610000, 0x057d0000)
 tenured generation   total 35900K, used 34045K [0x09d50000, 0x0c05f000, 0x14800000)
   the space 35900K,  94% used [0x09d50000, 0x0be8f470, 0x0be8f600, 0x0c05f000)
 Metaspace       used 416K, capacity 2526K, committed 2624K, reserved 4480K

Card table byte_map: [0x02080000,0x02110000] byte_map_base: 0x0205c000

Polling page: 0x00240000

CodeCache: size=32768Kb used=1484Kb max_used=1484Kb free=31283Kb
 bounds [0x02730000, 0x028a8000, 0x04730000]
 total_blobs=900 nmethods=685 adapters=146
 compilation: enabled

Compilation events (10 events):
Event: 25.803 Thread 0x0226c000  680             java.lang.Throwable::<init> (34 bytes)
Event: 25.803 Thread 0x0226c000 nmethod 680 0x028a2088 code [0x028a2190, 0x028a241c]
Event: 25.805 Thread 0x0226c000  681             java.lang.Exception::<init> (6 bytes)
Event: 25.805 Thread 0x0226c000 nmethod 681 0x028a2508 code [0x028a2610, 0x028a289c]
Event: 25.808 Thread 0x0226c000  682             sun.font.T2KFontScaler::invalidateScaler (18 bytes)
Event: 25.808 Thread 0x0226c000 nmethod 682 0x028a2988 code [0x028a2a90, 0x028a2b8c]
Event: 25.808 Thread 0x0226c000  683             sun.font.FontScalerException::<init> (7 bytes)
Event: 25.808 Thread 0x0226c000 nmethod 683 0x028a2c08 code [0x028a2d10, 0x028a2dac]
Event: 25.809 Thread 0x0226c000  684             sun.font.NullFontScaler::createScalerContext (4 bytes)
Event: 25.809 Thread 0x0226c000 nmethod 684 0x028a2e48 code [0x028a2f40, 0x028a2fcc]

GC Heap History (10 events):
Event: 13.804 GC heap before
{Heap before GC invocations=11 (full 1):
 def new generation   total 8832K, used 8832K [0x04800000, 0x05190000, 0x09d50000)
  eden space 7872K, 100% used [0x04800000, 0x04fb0000, 0x04fb0000)
  from space 960K, 100% used [0x04fb0000, 0x050a0000, 0x050a0000)
  to   space 960K,   0% used [0x050a0000, 0x050a0000, 0x05190000)
 tenured generation   total 19520K, used 16204K [0x09d50000, 0x0b060000, 0x14800000)
   the space 19520K,  83% used [0x09d50000, 0x0ad23180, 0x0ad23200, 0x0b060000)
 Metaspace       used 416K, capacity 2539K, committed 2624K, reserved 4480K
Event: 13.810 GC heap after
Heap after GC invocations=12 (full 1):
 def new generation   total 8832K, used 960K [0x04800000, 0x05190000, 0x09d50000)
  eden space 7872K,   0% used [0x04800000, 0x04800000, 0x04fb0000)
  from space 960K, 100% used [0x050a0000, 0x05190000, 0x05190000)
  to   space 960K,   0% used [0x04fb0000, 0x04fb0000, 0x050a0000)
 tenured generation   total 19520K, used 18869K [0x09d50000, 0x0b060000, 0x14800000)
   the space 19520K,  96% used [0x09d50000, 0x0afbd520, 0x0afbd600, 0x0b060000)
 Metaspace       used 416K, capacity 2539K, committed 2624K, reserved 4480K
}
Event: 15.197 GC heap before
{Heap before GC invocations=12 (full 1):
 def new generation   total 8832K, used 8832K [0x04800000, 0x05190000, 0x09d50000)
  eden space 7872K, 100% used [0x04800000, 0x04fb0000, 0x04fb0000)
  from space 960K, 100% used [0x050a0000, 0x05190000, 0x05190000)
  to   space 960K,   0% used [0x04fb0000, 0x04fb0000, 0x050a0000)
 tenured generation   total 19520K, used 18869K [0x09d50000, 0x0b060000, 0x14800000)
   the space 19520K,  96% used [0x09d50000, 0x0afbd520, 0x0afbd600, 0x0b060000)
 Metaspace       used 416K, capacity 2539K, committed 2624K, reserved 4480K
Event: 15.239 GC heap after
Heap after GC invocations=13 (full 2):
 def new generation   total 16192K, used 0K [0x04800000, 0x05990000, 0x09d50000)
  eden space 14400K,   0% used [0x04800000, 0x04800000, 0x05610000)
  from space 1792K,   0% used [0x05610000, 0x05610000, 0x057d0000)
  to   space 1792K,   0% used [0x057d0000, 0x057d0000, 0x05990000)
 tenured generation   total 35900K, used 21539K [0x09d50000, 0x0c05f000, 0x14800000)
   the space 35900K,  59% used [0x09d50000, 0x0b258f30, 0x0b259000, 0x0c05f000)
 Metaspace       used 412K, capacity 2526K, committed 2624K, reserved 4480K
}
Event: 17.681 GC heap before
{Heap before GC invocations=13 (full 2):
 def new generation   total 16192K, used 14400K [0x04800000, 0x05990000, 0x09d50000)
  eden space 14400K, 100% used [0x04800000, 0x05610000, 0x05610000)
  from space 1792K,   0% used [0x05610000, 0x05610000, 0x057d0000)
  to   space 1792K,   0% used [0x057d0000, 0x057d0000, 0x05990000)
 tenured generation   total 35900K, used 21539K [0x09d50000, 0x0c05f000, 0x14800000)
   the space 35900K,  59% used [0x09d50000, 0x0b258f30, 0x0b259000, 0x0c05f000)
 Metaspace       used 413K, capacity 2526K, committed 2624K, reserved 4480K
Event: 17.692 GC heap after
Heap after GC invocations=14 (full 2):
 def new generation   total 16192K, used 1792K [0x04800000, 0x05990000, 0x09d50000)
  eden space 14400K,   0% used [0x04800000, 0x04800000, 0x05610000)
  from space 1792K, 100% used [0x057d0000, 0x05990000, 0x05990000)
  to   space 1792K,   0% used [0x05610000, 0x05610000, 0x057d0000)
 tenured generation   total 35900K, used 24591K [0x09d50000, 0x0c05f000, 0x14800000)
   the space 35900K,  68% used [0x09d50000, 0x0b553c80, 0x0b553e00, 0x0c05f000)
 Metaspace       used 413K, capacity 2526K, committed 2624K, reserved 4480K
}
Event: 20.490 GC heap before
{Heap before GC invocations=14 (full 2):
 def new generation   total 16192K, used 16192K [0x04800000, 0x05990000, 0x09d50000)
  eden space 14400K, 100% used [0x04800000, 0x05610000, 0x05610000)
  from space 1792K, 100% used [0x057d0000, 0x05990000, 0x05990000)
  to   space 1792K,   0% used [0x05610000, 0x05610000, 0x057d0000)
 tenured generation   total 35900K, used 24591K [0x09d50000, 0x0c05f000, 0x14800000)
   the space 35900K,  68% used [0x09d50000, 0x0b553c80, 0x0b553e00, 0x0c05f000)
 Metaspace       used 416K, capacity 2526K, committed 2624K, reserved 4480K
Event: 20.503 GC heap after
Heap after GC invocations=15 (full 2):
 def new generation   total 16192K, used 1792K [0x04800000, 0x05990000, 0x09d50000)
  eden space 14400K,   0% used [0x04800000, 0x04800000, 0x05610000)
  from space 1792K, 100% used [0x05610000, 0x057d0000, 0x057d0000)
  to   space 1792K,   0% used [0x057d0000, 0x057d0000, 0x05990000)
 tenured generation   total 35900K, used 29463K [0x09d50000, 0x0c05f000, 0x14800000)
   the space 35900K,  82% used [0x09d50000, 0x0ba15f48, 0x0ba16000, 0x0c05f000)
 Metaspace       used 416K, capacity 2526K, committed 2624K, reserved 4480K
}
Event: 25.195 GC heap before
{Heap before GC invocations=15 (full 2):
 def new generation   total 16192K, used 16192K [0x04800000, 0x05990000, 0x09d50000)
  eden space 14400K, 100% used [0x04800000, 0x05610000, 0x05610000)
  from space 1792K, 100% used [0x05610000, 0x057d0000, 0x057d0000)
  to   space 1792K,   0% used [0x057d0000, 0x057d0000, 0x05990000)
 tenured generation   total 35900K, used 29463K [0x09d50000, 0x0c05f000, 0x14800000)
   the space 35900K,  82% used [0x09d50000, 0x0ba15f48, 0x0ba16000, 0x0c05f000)
 Metaspace       used 416K, capacity 2526K, committed 2624K, reserved 4480K
Event: 25.206 GC heap after
Heap after GC invocations=16 (full 2):
 def new generation   total 16192K, used 1792K [0x04800000, 0x05990000, 0x09d50000)
  eden space 14400K,   0% used [0x04800000, 0x04800000, 0x05610000)
  from space 1792K, 100% used [0x057d0000, 0x05990000, 0x05990000)
  to   space 1792K,   0% used [0x05610000, 0x05610000, 0x057d0000)
 tenured generation   total 35900K, used 34045K [0x09d50000, 0x0c05f000, 0x14800000)
   the space 35900K,  94% used [0x09d50000, 0x0be8f470, 0x0be8f600, 0x0c05f000)
 Metaspace       used 416K, capacity 2526K, committed 2624K, reserved 4480K
}

Deoptimization events (0 events):
No events

Internal exceptions (10 events):
Event: 0.014 Thread 0x01bbc400 Exception <a 'java/lang/NoSuchMethodError': Method sun.misc.Unsafe.defineClass(Ljava/lang/String;[BII)Ljava/lang/Class; name or signature does not match> (0x04807990) thrown at [C:\re\workspace\8-2-build-windows-i586-cygwin\jdk8u112\7884\hotspot\src\share
Event: 0.014 Thread 0x01bbc400 Exception <a 'java/lang/NoSuchMethodError': Method sun.misc.Unsafe.prefetchRead(Ljava/lang/Object;J)V name or signature does not match> (0x04807c60) thrown at [C:\re\workspace\8-2-build-windows-i586-cygwin\jdk8u112\7884\hotspot\src\share\vm\prims\jni.cpp,
Event: 0.040 Thread 0x01bbc400 Exception <a 'java/security/PrivilegedActionException'> (0x0487c6a8) thrown at [C:\re\workspace\8-2-build-windows-i586-cygwin\jdk8u112\7884\hotspot\src\share\vm\prims\jvm.cpp, line 1390]
Event: 0.040 Thread 0x01bbc400 Exception <a 'java/security/PrivilegedActionException'> (0x0487c8a8) thrown at [C:\re\workspace\8-2-build-windows-i586-cygwin\jdk8u112\7884\hotspot\src\share\vm\prims\jvm.cpp, line 1390]
Event: 0.041 Thread 0x01bbc400 Exception <a 'java/security/PrivilegedActionException'> (0x048806e0) thrown at [C:\re\workspace\8-2-build-windows-i586-cygwin\jdk8u112\7884\hotspot\src\share\vm\prims\jvm.cpp, line 1390]
Event: 0.041 Thread 0x01bbc400 Exception <a 'java/security/PrivilegedActionException'> (0x048808e0) thrown at [C:\re\workspace\8-2-build-windows-i586-cygwin\jdk8u112\7884\hotspot\src\share\vm\prims\jvm.cpp, line 1390]
Event: 0.043 Thread 0x01bbc400 Exception <a 'java/io/FileNotFoundException'> (0x04882ac0) thrown at [C:\re\workspace\8-2-build-windows-i586-cygwin\jdk8u112\7884\hotspot\src\share\vm\prims\jni.cpp, line 709]
Event: 0.065 Thread 0x01bbc400 Exception <a 'java/lang/NoSuchFieldError': method resolution failed> (0x04954318) thrown at [C:\re\workspace\8-2-build-windows-i586-cygwin\jdk8u112\7884\hotspot\src\share\vm\prims\methodHandles.cpp, line 1146]
Event: 0.066 Thread 0x01bbc400 Exception <a 'java/lang/NoSuchFieldError': method resolution failed> (0x049604b8) thrown at [C:\re\workspace\8-2-build-windows-i586-cygwin\jdk8u112\7884\hotspot\src\share\vm\prims\methodHandles.cpp, line 1146]
Event: 0.086 Thread 0x01bbc400 Exception <a 'java/io/FileNotFoundException'> (0x049f8c48) thrown at [C:\re\workspace\8-2-build-windows-i586-cygwin\jdk8u112\7884\hotspot\src\share\vm\prims\jni.cpp, line 709]

Events (10 events):
Event: 17.681 Executing VM operation: GenCollectForAllocation
Event: 17.693 Executing VM operation: GenCollectForAllocation done
Event: 20.392 loading class sun/font/FontScalerException
Event: 20.392 loading class sun/font/FontScalerException done
Event: 20.392 loading class sun/font/NullFontScaler
Event: 20.392 loading class sun/font/NullFontScaler done
Event: 20.490 Executing VM operation: GenCollectForAllocation
Event: 20.503 Executing VM operation: GenCollectForAllocation done
Event: 25.195 Executing VM operation: GenCollectForAllocation
Event: 25.206 Executing VM operation: GenCollectForAllocation done


Dynamic libraries:
0x00100000 - 0x00133000 	C:\Program Files (x86)\Java\jre1.8.0_112\bin\javaw.exe
0x77280000 - 0x77400000 	C:\Windows\SysWOW64\ntdll.dll
0x768f0000 - 0x76a00000 	C:\Windows\syswow64\kernel32.dll
0x76890000 - 0x768d7000 	C:\Windows\syswow64\KERNELBASE.dll
0x76680000 - 0x76721000 	C:\Windows\syswow64\ADVAPI32.dll
0x75100000 - 0x751ac000 	C:\Windows\syswow64\msvcrt.dll
0x756a0000 - 0x756b9000 	C:\Windows\SysWOW64\sechost.dll
0x75360000 - 0x75450000 	C:\Windows\syswow64\RPCRT4.dll
0x74b70000 - 0x74bd0000 	C:\Windows\syswow64\SspiCli.dll
0x74b60000 - 0x74b6c000 	C:\Windows\syswow64\CRYPTBASE.dll
0x76790000 - 0x76890000 	C:\Windows\syswow64\USER32.dll
0x763b0000 - 0x76440000 	C:\Windows\syswow64\GDI32.dll
0x75450000 - 0x7545a000 	C:\Windows\syswow64\LPK.dll
0x75560000 - 0x755fd000 	C:\Windows\syswow64\USP10.dll
0x739b0000 - 0x73b4e000 	C:\Windows\WinSxS\x86_microsoft.windows.common-controls_6595b64144ccf1df_6.0.7601.18837_none_41e855142bd5705d\COMCTL32.dll
0x764c0000 - 0x76517000 	C:\Windows\syswow64\SHLWAPI.dll
0x74bd0000 - 0x74c30000 	C:\Windows\system32\IMM32.DLL
0x75460000 - 0x7552d000 	C:\Windows\syswow64\MSCTF.dll
0x604e0000 - 0x6059f000 	C:\Program Files (x86)\Java\jre1.8.0_112\bin\msvcr100.dll
0x5d2d0000 - 0x5d69e000 	C:\Program Files (x86)\Java\jre1.8.0_112\bin\client\jvm.dll
0x72f80000 - 0x72f87000 	C:\Windows\system32\WSOCK32.dll
0x76310000 - 0x76345000 	C:\Windows\syswow64\WS2_32.dll
0x76780000 - 0x76786000 	C:\Windows\syswow64\NSI.dll
0x73960000 - 0x73992000 	C:\Windows\system32\WINMM.dll
0x73900000 - 0x73909000 	C:\Windows\system32\VERSION.dll
0x76370000 - 0x76375000 	C:\Windows\syswow64\PSAPI.DLL
0x5d200000 - 0x5d20c000 	C:\Program Files (x86)\Java\jre1.8.0_112\bin\verify.dll
0x5d1d0000 - 0x5d1f1000 	C:\Program Files (x86)\Java\jre1.8.0_112\bin\java.dll
0x5d1b0000 - 0x5d1c3000 	C:\Program Files (x86)\Java\jre1.8.0_112\bin\zip.dll
0x756c0000 - 0x7630c000 	C:\Windows\syswow64\SHELL32.dll
0x76520000 - 0x7667d000 	C:\Windows\syswow64\ole32.dll
0x76360000 - 0x7636b000 	C:\Windows\syswow64\profapi.dll
0x60390000 - 0x604d6000 	C:\Program Files (x86)\Java\jre1.8.0_112\bin\awt.dll
0x74f10000 - 0x74fa1000 	C:\Windows\syswow64\OLEAUT32.dll
0x73660000 - 0x73673000 	C:\Windows\system32\DWMAPI.DLL
0x602c0000 - 0x60388000 	C:\Windows\system32\opengl32.dll
0x6bed0000 - 0x6bef2000 	C:\Windows\system32\GLU32.dll
0x601d0000 - 0x602b7000 	C:\Windows\system32\DDRAW.dll
0x6c2c0000 - 0x6c2c6000 	C:\Windows\system32\DCIMAN32.dll
0x751b0000 - 0x7534d000 	C:\Windows\syswow64\SETUPAPI.dll
0x76380000 - 0x763a7000 	C:\Windows\syswow64\CFGMGR32.dll
0x764a0000 - 0x764b2000 	C:\Windows\syswow64\DEVOBJ.dll
0x71620000 - 0x716a0000 	C:\Windows\system32\uxtheme.dll
0x6d0f0000 - 0x6d2b3000 	C:\Windows\system32\d3d9.dll
0x6e7d0000 - 0x6e7d6000 	C:\Windows\system32\d3d8thk.dll
0x6e6c0000 - 0x6e748000 	C:\Windows\system32\aticfx32.dll
0x6e7c0000 - 0x6e7ca000 	C:\Windows\system32\atiu9pag.dll
0x62be0000 - 0x62fca000 	C:\Windows\system32\atiumdag.dll
0x63050000 - 0x633b4000 	C:\Windows\system32\atiumdva.dll
0x5fb10000 - 0x5fb49000 	C:\Program Files (x86)\Java\jre1.8.0_112\bin\fontmanager.dll
0x76df0000 - 0x76e73000 	C:\Windows\syswow64\CLBCatQ.DLL
0x5d190000 - 0x5d1a6000 	C:\Program Files (x86)\Java\jre1.8.0_112\bin\net.dll
0x735b0000 - 0x735ec000 	C:\Windows\system32\mswsock.dll
0x73560000 - 0x73566000 	C:\Windows\System32\wship6.dll
0x5d180000 - 0x5d18f000 	C:\Program Files (x86)\Java\jre1.8.0_112\bin\nio.dll
0x5fad0000 - 0x5fb02000 	C:\Program Files (x86)\Java\jre1.8.0_112\bin\t2k.dll

VM Arguments:
jvm_args: -Dfile.encoding=Cp1252 
java_command: Game.main.Game
java_class_path (initial): C:\Users\232219\Documents\GitHub\.metadata\KYMA\bin
Launcher Type: SUN_STANDARD

Environment Variables:
PATH=C:/Program Files (x86)/Java/jre1.8.0_112/bin/client;C:/Program Files (x86)/Java/jre1.8.0_112/bin;C:/Program Files (x86)/Java/jre1.8.0_112/lib/i386;C:\ProgramData\Oracle\Java\javapath;C:\Windows\system32;C:\Windows;C:\Windows\System32\Wbem;C:\Program Files (x86)\ATI Technologies\ATI.ACE\Core-Static;c:\Program Files (x86)\Microsoft SQL Server\100\Tools\Binn\;c:\Program Files\Microsoft SQL Server\100\Tools\Binn\;c:\Program Files\Microsoft SQL Server\100\DTS\Binn\;C:\Windows\System32\WindowsPowerShell\v1.0\;C:\Windows\System32\WindowsPowerShell\v1.0\;C:\Program Files (x86)\Windows Kits\8.1\Windows Performance Toolkit\;C:\Program Files\Microsoft SQL Server\110\Tools\Binn\;C:\Program Files (x86)\Microsoft SDKs\TypeScript\1.0\;C:\Program Files\Microsoft SQL Server\120\Tools\Binn\;C:\Program Files (x86)\QuickTime\QTSystem\;C:\Windows\system32\config\systemprofile\.dnx\bin;C:\Program Files\Microsoft DNX\Dnvm\;C:\Program Files\Microsoft SQL Server\130\Tools\Binn\;C:\Program Files\Git\cmd;N:\32 Bit NEON ECLIPSE;
USERNAME=232219
OS=Windows_NT
PROCESSOR_IDENTIFIER=Intel64 Family 6 Model 42 Stepping 7, GenuineIntel



---------------  S Y S T E M  ---------------

OS:Call to GetFileVersionInfoSize failed

CPU:total 8 (4 cores per cpu, 2 threads per core) family 6 model 42 stepping 7, cmov, cx8, fxsr, mmx, sse, sse2, sse3, ssse3, sse4.1, sse4.2, popcnt, avx, aes, clmul, ht, tsc, tscinvbit

Memory: 4k page, physical 8344508k(3117956k free), swap 16687156k(9702776k free)

vm_info: Java HotSpot(TM) Client VM (25.112-b15) for windows-x86 JRE (1.8.0_112-b15), built on Sep 22 2016 21:03:20 by "java_re" with MS VC++ 10.0 (VS2010)

time: Tue Jan 17 13:00:45 2017
elapsed time: 27 seconds (0d 0h 0m 27s)

