#
# A fatal error has been detected by the Java Runtime Environment:
#
#  EXCEPTION_ACCESS_VIOLATION (0xc0000005) at pc=0x5faed85d, pid=4000, tid=0x000012e0
#
# JRE version: Java(TM) SE Runtime Environment (8.0_112-b15) (build 1.8.0_112-b15)
# Java VM: Java HotSpot(TM) Client VM (25.112-b15 mixed mode, sharing windows-x86 )
# Problematic frame:
# C  [t2k.dll+0x1d85d]
#
# Failed to write core dump. Minidumps are not enabled by default on client versions of Windows
#
# If you would like to submit a bug report, please visit:
#   http://bugreport.java.com/bugreport/crash.jsp
# The crash happened outside the Java Virtual Machine in native code.
# See problematic frame for where to report the bug.
#

---------------  T H R E A D  ---------------

Current thread (0x162f6c00):  JavaThread "Thread-2" [_thread_in_native, id=4832, stack(0x18ce0000,0x18d30000)]

siginfo: ExceptionCode=0xc0000005, writing address 0x00000000

Registers:
EAX=0x00002718, EBX=0x00000000, ECX=0x00000000, EDX=0x1c65e318
ESP=0x18d2efcc, EBP=0x18d2efd8, ESI=0x1c00e6c8, EDI=0x162f6d40
EIP=0x5faed85d, EFLAGS=0x00010202

Top of Stack: (sp=0x18d2efcc)
0x18d2efcc:   18d2efe8 772bae0b 00000530 7729fae2
0x18d2efdc:   772fd636 ffffffff 18d2f010 00000000
0x18d2efec:   18d2f01c 00002000 00000004 00220000
0x18d2effc:   002200c4 00220000 00000004 00220000
0x18d2f00c:   00220000 00000000 18d2f0f4 772bcd51
0x18d2f01c:   00220138 772b3406 afddc777 00000000
0x18d2f02c:   0022322c 00220000 00222fe8 772b7c45
0x18d2f03c:   afddc7f7 00000012 00000548 01c00048 

Instructions: (pc=0x5faed85d)
0x5faed83d:   c3 75 0e 8b 45 10 c7 00 10 27 00 00 e9 1a 01 00
0x5faed84d:   00 83 c0 10 53 50 e8 18 94 00 00 59 59 8b 4d 10
0x5faed85d:   89 01 3b c3 0f 85 f8 00 00 00 8b 7d 08 68 d4 04
0x5faed86d:   00 00 57 e8 6a 8e 00 00 8b f0 8b 45 0c 89 86 2c 


Register to memory mapping:

EAX=0x00002718 is an unknown value
EBX=0x00000000 is an unknown value
ECX=0x00000000 is an unknown value
EDX=0x1c65e318 is an unknown value
ESP=0x18d2efcc is pointing into the stack for thread: 0x162f6c00
EBP=0x18d2efd8 is pointing into the stack for thread: 0x162f6c00
ESI=0x1c00e6c8 is an unknown value
EDI=0x162f6d40 is an unknown value


Stack: [0x18ce0000,0x18d30000],  sp=0x18d2efcc,  free space=315k
Native frames: (J=compiled Java code, j=interpreted, Vv=VM code, C=native code)
C  [t2k.dll+0x1d85d]
C  [ntdll.dll+0x7d636]

Java frames: (J=compiled Java code, j=interpreted, Vv=VM code)
J 238  sun.font.T2KFontScaler.getGlyphImageNative(Lsun/font/Font2D;JJI)J (0 bytes) @ 0x0281e189 [0x0281e110+0x79]
J 237 C1 sun.font.T2KFontScaler.getGlyphImage(JI)J (39 bytes) @ 0x0281e700 [0x0281e410+0x2f0]
J 201 C1 sun.font.FileFontStrike.getGlyphImagePtrs([I[JI)V (110 bytes) @ 0x028122c8 [0x02811f60+0x368]
J 318 C1 sun.font.GlyphList.mapChars(Lsun/java2d/loops/FontInfo;I)Z (47 bytes) @ 0x02834d0c [0x02834c70+0x9c]
J 316 C1 sun.font.GlyphList.setFromString(Lsun/java2d/loops/FontInfo;Ljava/lang/String;FF)Z (75 bytes) @ 0x02834448 [0x028343a0+0xa8]
J 313 C1 sun.java2d.pipe.GlyphListPipe.drawString(Lsun/java2d/SunGraphics2D;Ljava/lang/String;DD)V (202 bytes) @ 0x028334e4 [0x028332e0+0x204]
J 312 C1 sun.java2d.SunGraphics2D.drawString(Ljava/lang/String;II)V (132 bytes) @ 0x02832aa8 [0x028329c0+0xe8]
J 558 C1 Game.main.Menu.render(Ljava/awt/Graphics;)V (813 bytes) @ 0x02878194 [0x02877fb0+0x1e4]
J 548 C1 Game.main.Game.render()V (112 bytes) @ 0x0287361c [0x02873540+0xdc]
j  Game.main.Game.run()V+82
j  java.lang.Thread.run()V+11
v  ~StubRoutines::call_stub

---------------  P R O C E S S  ---------------

Java Threads: ( => current thread )
  0x0022c400 JavaThread "DestroyJavaVM" [_thread_blocked, id=4880, stack(0x02410000,0x02460000)]
  0x162ffc00 JavaThread "D3D Screen Updater" daemon [_thread_blocked, id=5128, stack(0x183a0000,0x183f0000)]
=>0x162f6c00 JavaThread "Thread-2" [_thread_in_native, id=4832, stack(0x18ce0000,0x18d30000)]
  0x162de800 JavaThread "AWT-EventQueue-0" [_thread_blocked, id=5404, stack(0x17de0000,0x17e30000)]
  0x1627e400 JavaThread "AWT-Windows" daemon [_thread_in_native, id=3904, stack(0x16590000,0x165e0000)]
  0x1627d000 JavaThread "AWT-Shutdown" [_thread_blocked, id=8140, stack(0x15ca0000,0x15cf0000)]
  0x1627a000 JavaThread "Java2D Disposer" daemon [_thread_blocked, id=7116, stack(0x160d0000,0x16120000)]
  0x01ceb800 JavaThread "Service Thread" daemon [_thread_blocked, id=8172, stack(0x15d70000,0x15dc0000)]
  0x01ccc000 JavaThread "C1 CompilerThread0" daemon [_thread_blocked, id=5620, stack(0x15a40000,0x15a90000)]
  0x01cca000 JavaThread "Attach Listener" daemon [_thread_blocked, id=7360, stack(0x047a0000,0x047f0000)]
  0x01cc6800 JavaThread "Signal Dispatcher" daemon [_thread_blocked, id=296, stack(0x15c50000,0x15ca0000)]
  0x01cbb000 JavaThread "Finalizer" daemon [_thread_blocked, id=2972, stack(0x159f0000,0x15a40000)]
  0x01c5f400 JavaThread "Reference Handler" daemon [_thread_blocked, id=3452, stack(0x15a90000,0x15ae0000)]

Other Threads:
  0x01c5a800 VMThread [stack: 0x152f0000,0x15340000] [id=7884]
  0x01cff800 WatcherThread [stack: 0x15e90000,0x15ee0000] [id=7484]

VM state:not at safepoint (normal execution)

VM Mutex/Monitor currently owned by a thread: None

Heap:
 def new generation   total 16000K, used 7454K [0x04800000, 0x05950000, 0x09d50000)
  eden space 14272K,  40% used [0x04800000, 0x04d97a08, 0x055f0000)
  from space 1728K, 100% used [0x057a0000, 0x05950000, 0x05950000)
  to   space 1728K,   0% used [0x055f0000, 0x055f0000, 0x057a0000)
 tenured generation   total 35420K, used 33789K [0x09d50000, 0x0bfe7000, 0x14800000)
   the space 35420K,  95% used [0x09d50000, 0x0be4f580, 0x0be4f600, 0x0bfe7000)
 Metaspace       used 414K, capacity 2526K, committed 2624K, reserved 4480K

Card table byte_map: [0x02270000,0x02300000] byte_map_base: 0x0224c000

Polling page: 0x00130000

CodeCache: size=32768Kb used=1449Kb max_used=1449Kb free=31318Kb
 bounds [0x02730000, 0x028a0000, 0x04730000]
 total_blobs=869 nmethods=654 adapters=146
 compilation: enabled

Compilation events (10 events):
Event: 18.141 Thread 0x01ccc000  648  s          java.lang.Throwable::fillInStackTrace (29 bytes)
Event: 18.141 Thread 0x01ccc000 nmethod 648 0x028993c8 code [0x028994d0, 0x028996dc]
Event: 18.174 Thread 0x01ccc000  650             java.lang.Throwable::<init> (34 bytes)
Event: 18.174 Thread 0x01ccc000 nmethod 650 0x02899788 code [0x02899890, 0x02899b1c]
Event: 18.187 Thread 0x01ccc000  651             sun.font.T2KFontScaler::invalidateScaler (18 bytes)
Event: 18.187 Thread 0x01ccc000 nmethod 651 0x02899c08 code [0x02899d10, 0x02899e0c]
Event: 18.187 Thread 0x01ccc000  652             sun.font.FontScalerException::<init> (7 bytes)
Event: 18.187 Thread 0x01ccc000 nmethod 652 0x02899e88 code [0x02899f90, 0x0289a02c]
Event: 18.187 Thread 0x01ccc000  653             sun.font.NullFontScaler::createScalerContext (4 bytes)
Event: 18.187 Thread 0x01ccc000 nmethod 653 0x0289a0c8 code [0x0289a1c0, 0x0289a24c]

GC Heap History (10 events):
Event: 10.060 GC heap before
{Heap before GC invocations=10 (full 1):
 def new generation   total 8640K, used 8640K [0x04800000, 0x05160000, 0x09d50000)
  eden space 7680K, 100% used [0x04800000, 0x04f80000, 0x04f80000)
  from space 960K, 100% used [0x04f80000, 0x05070000, 0x05070000)
  to   space 960K,   0% used [0x05070000, 0x05070000, 0x05160000)
 tenured generation   total 19096K, used 15954K [0x09d50000, 0x0aff6000, 0x14800000)
   the space 19096K,  83% used [0x09d50000, 0x0ace4998, 0x0ace4a00, 0x0aff6000)
 Metaspace       used 414K, capacity 2539K, committed 2624K, reserved 4480K
Event: 10.067 GC heap after
Heap after GC invocations=11 (full 1):
 def new generation   total 8640K, used 960K [0x04800000, 0x05160000, 0x09d50000)
  eden space 7680K,   0% used [0x04800000, 0x04800000, 0x04f80000)
  from space 960K, 100% used [0x05070000, 0x05160000, 0x05160000)
  to   space 960K,   0% used [0x04f80000, 0x04f80000, 0x05070000)
 tenured generation   total 19096K, used 18687K [0x09d50000, 0x0aff6000, 0x14800000)
   the space 19096K,  97% used [0x09d50000, 0x0af8fdf8, 0x0af8fe00, 0x0aff6000)
 Metaspace       used 414K, capacity 2539K, committed 2624K, reserved 4480K
}
Event: 11.419 GC heap before
{Heap before GC invocations=11 (full 1):
 def new generation   total 8640K, used 8640K [0x04800000, 0x05160000, 0x09d50000)
  eden space 7680K, 100% used [0x04800000, 0x04f80000, 0x04f80000)
  from space 960K, 100% used [0x05070000, 0x05160000, 0x05160000)
  to   space 960K,   0% used [0x04f80000, 0x04f80000, 0x05070000)
 tenured generation   total 19096K, used 18687K [0x09d50000, 0x0aff6000, 0x14800000)
   the space 19096K,  97% used [0x09d50000, 0x0af8fdf8, 0x0af8fe00, 0x0aff6000)
 Metaspace       used 414K, capacity 2539K, committed 2624K, reserved 4480K
Event: 11.460 GC heap after
Heap after GC invocations=12 (full 2):
 def new generation   total 16000K, used 0K [0x04800000, 0x05950000, 0x09d50000)
  eden space 14272K,   0% used [0x04800000, 0x04800000, 0x055f0000)
  from space 1728K,   0% used [0x055f0000, 0x055f0000, 0x057a0000)
  to   space 1728K,   0% used [0x057a0000, 0x057a0000, 0x05950000)
 tenured generation   total 35420K, used 21249K [0x09d50000, 0x0bfe7000, 0x14800000)
   the space 35420K,  59% used [0x09d50000, 0x0b210668, 0x0b210800, 0x0bfe7000)
 Metaspace       used 410K, capacity 2526K, committed 2624K, reserved 4480K
}
Event: 13.891 GC heap before
{Heap before GC invocations=12 (full 2):
 def new generation   total 16000K, used 14272K [0x04800000, 0x05950000, 0x09d50000)
  eden space 14272K, 100% used [0x04800000, 0x055f0000, 0x055f0000)
  from space 1728K,   0% used [0x055f0000, 0x055f0000, 0x057a0000)
  to   space 1728K,   0% used [0x057a0000, 0x057a0000, 0x05950000)
 tenured generation   total 35420K, used 21249K [0x09d50000, 0x0bfe7000, 0x14800000)
   the space 35420K,  59% used [0x09d50000, 0x0b210668, 0x0b210800, 0x0bfe7000)
 Metaspace       used 411K, capacity 2526K, committed 2624K, reserved 4480K
Event: 13.902 GC heap after
Heap after GC invocations=13 (full 2):
 def new generation   total 16000K, used 1728K [0x04800000, 0x05950000, 0x09d50000)
  eden space 14272K,   0% used [0x04800000, 0x04800000, 0x055f0000)
  from space 1728K, 100% used [0x057a0000, 0x05950000, 0x05950000)
  to   space 1728K,   0% used [0x055f0000, 0x055f0000, 0x057a0000)
 tenured generation   total 35420K, used 24327K [0x09d50000, 0x0bfe7000, 0x14800000)
   the space 35420K,  68% used [0x09d50000, 0x0b511ed8, 0x0b512000, 0x0bfe7000)
 Metaspace       used 411K, capacity 2526K, committed 2624K, reserved 4480K
}
Event: 16.054 GC heap before
{Heap before GC invocations=13 (full 2):
 def new generation   total 16000K, used 16000K [0x04800000, 0x05950000, 0x09d50000)
  eden space 14272K, 100% used [0x04800000, 0x055f0000, 0x055f0000)
  from space 1728K, 100% used [0x057a0000, 0x05950000, 0x05950000)
  to   space 1728K,   0% used [0x055f0000, 0x055f0000, 0x057a0000)
 tenured generation   total 35420K, used 24327K [0x09d50000, 0x0bfe7000, 0x14800000)
   the space 35420K,  68% used [0x09d50000, 0x0b511ed8, 0x0b512000, 0x0bfe7000)
 Metaspace       used 414K, capacity 2526K, committed 2624K, reserved 4480K
Event: 16.066 GC heap after
Heap after GC invocations=14 (full 2):
 def new generation   total 16000K, used 1728K [0x04800000, 0x05950000, 0x09d50000)
  eden space 14272K,   0% used [0x04800000, 0x04800000, 0x055f0000)
  from space 1728K, 100% used [0x055f0000, 0x057a0000, 0x057a0000)
  to   space 1728K,   0% used [0x057a0000, 0x057a0000, 0x05950000)
 tenured generation   total 35420K, used 29116K [0x09d50000, 0x0bfe7000, 0x14800000)
   the space 35420K,  82% used [0x09d50000, 0x0b9bf3a8, 0x0b9bf400, 0x0bfe7000)
 Metaspace       used 414K, capacity 2526K, committed 2624K, reserved 4480K
}
Event: 18.783 GC heap before
{Heap before GC invocations=14 (full 2):
 def new generation   total 16000K, used 16000K [0x04800000, 0x05950000, 0x09d50000)
  eden space 14272K, 100% used [0x04800000, 0x055f0000, 0x055f0000)
  from space 1728K, 100% used [0x055f0000, 0x057a0000, 0x057a0000)
  to   space 1728K,   0% used [0x057a0000, 0x057a0000, 0x05950000)
 tenured generation   total 35420K, used 29116K [0x09d50000, 0x0bfe7000, 0x14800000)
   the space 35420K,  82% used [0x09d50000, 0x0b9bf3a8, 0x0b9bf400, 0x0bfe7000)
 Metaspace       used 414K, capacity 2526K, committed 2624K, reserved 4480K
Event: 18.794 GC heap after
Heap after GC invocations=15 (full 2):
 def new generation   total 16000K, used 1728K [0x04800000, 0x05950000, 0x09d50000)
  eden space 14272K,   0% used [0x04800000, 0x04800000, 0x055f0000)
  from space 1728K, 100% used [0x057a0000, 0x05950000, 0x05950000)
  to   space 1728K,   0% used [0x055f0000, 0x055f0000, 0x057a0000)
 tenured generation   total 35420K, used 33789K [0x09d50000, 0x0bfe7000, 0x14800000)
   the space 35420K,  95% used [0x09d50000, 0x0be4f580, 0x0be4f600, 0x0bfe7000)
 Metaspace       used 414K, capacity 2526K, committed 2624K, reserved 4480K
}

Deoptimization events (0 events):
No events

Internal exceptions (10 events):
Event: 0.015 Thread 0x0022c400 Exception <a 'java/lang/NoSuchMethodError': Method sun.misc.Unsafe.defineClass(Ljava/lang/String;[BII)Ljava/lang/Class; name or signature does not match> (0x04807990) thrown at [C:\re\workspace\8-2-build-windows-i586-cygwin\jdk8u112\7884\hotspot\src\share
Event: 0.015 Thread 0x0022c400 Exception <a 'java/lang/NoSuchMethodError': Method sun.misc.Unsafe.prefetchRead(Ljava/lang/Object;J)V name or signature does not match> (0x04807c60) thrown at [C:\re\workspace\8-2-build-windows-i586-cygwin\jdk8u112\7884\hotspot\src\share\vm\prims\jni.cpp,
Event: 0.043 Thread 0x0022c400 Exception <a 'java/security/PrivilegedActionException'> (0x0487c6a8) thrown at [C:\re\workspace\8-2-build-windows-i586-cygwin\jdk8u112\7884\hotspot\src\share\vm\prims\jvm.cpp, line 1390]
Event: 0.043 Thread 0x0022c400 Exception <a 'java/security/PrivilegedActionException'> (0x0487c8a8) thrown at [C:\re\workspace\8-2-build-windows-i586-cygwin\jdk8u112\7884\hotspot\src\share\vm\prims\jvm.cpp, line 1390]
Event: 0.044 Thread 0x0022c400 Exception <a 'java/security/PrivilegedActionException'> (0x048806e0) thrown at [C:\re\workspace\8-2-build-windows-i586-cygwin\jdk8u112\7884\hotspot\src\share\vm\prims\jvm.cpp, line 1390]
Event: 0.044 Thread 0x0022c400 Exception <a 'java/security/PrivilegedActionException'> (0x048808e0) thrown at [C:\re\workspace\8-2-build-windows-i586-cygwin\jdk8u112\7884\hotspot\src\share\vm\prims\jvm.cpp, line 1390]
Event: 0.045 Thread 0x0022c400 Exception <a 'java/io/FileNotFoundException'> (0x04882ac0) thrown at [C:\re\workspace\8-2-build-windows-i586-cygwin\jdk8u112\7884\hotspot\src\share\vm\prims\jni.cpp, line 709]
Event: 0.066 Thread 0x0022c400 Exception <a 'java/lang/NoSuchFieldError': method resolution failed> (0x04954318) thrown at [C:\re\workspace\8-2-build-windows-i586-cygwin\jdk8u112\7884\hotspot\src\share\vm\prims\methodHandles.cpp, line 1146]
Event: 0.068 Thread 0x0022c400 Exception <a 'java/lang/NoSuchFieldError': method resolution failed> (0x049604b8) thrown at [C:\re\workspace\8-2-build-windows-i586-cygwin\jdk8u112\7884\hotspot\src\share\vm\prims\methodHandles.cpp, line 1146]
Event: 0.086 Thread 0x0022c400 Exception <a 'java/io/FileNotFoundException'> (0x049f8c48) thrown at [C:\re\workspace\8-2-build-windows-i586-cygwin\jdk8u112\7884\hotspot\src\share\vm\prims\jni.cpp, line 709]

Events (10 events):
Event: 13.891 Executing VM operation: GenCollectForAllocation
Event: 13.902 Executing VM operation: GenCollectForAllocation done
Event: 15.508 loading class sun/font/FontScalerException
Event: 15.508 loading class sun/font/FontScalerException done
Event: 15.508 loading class sun/font/NullFontScaler
Event: 15.508 loading class sun/font/NullFontScaler done
Event: 16.054 Executing VM operation: GenCollectForAllocation
Event: 16.066 Executing VM operation: GenCollectForAllocation done
Event: 18.783 Executing VM operation: GenCollectForAllocation
Event: 18.794 Executing VM operation: GenCollectForAllocation done


Dynamic libraries:
0x00240000 - 0x00273000 	C:\Program Files (x86)\Java\jre1.8.0_112\bin\javaw.exe
0x77280000 - 0x77400000 	C:\Windows\SysWOW64\ntdll.dll
0x768f0000 - 0x76a00000 	C:\Windows\syswow64\kernel32.dll
0x76890000 - 0x768d7000 	C:\Windows\syswow64\KERNELBASE.dll
0x76680000 - 0x76721000 	C:\Windows\syswow64\ADVAPI32.dll
0x75100000 - 0x751ac000 	C:\Windows\syswow64\msvcrt.dll
0x756a0000 - 0x756b9000 	C:\Windows\SysWOW64\sechost.dll
0x75360000 - 0x75450000 	C:\Windows\syswow64\RPCRT4.dll
0x74b70000 - 0x74bd0000 	C:\Windows\syswow64\SspiCli.dll
0x74b60000 - 0x74b6c000 	C:\Windows\syswow64\CRYPTBASE.dll
0x76790000 - 0x76890000 	C:\Windows\syswow64\USER32.dll
0x763b0000 - 0x76440000 	C:\Windows\syswow64\GDI32.dll
0x75450000 - 0x7545a000 	C:\Windows\syswow64\LPK.dll
0x75560000 - 0x755fd000 	C:\Windows\syswow64\USP10.dll
0x739b0000 - 0x73b4e000 	C:\Windows\WinSxS\x86_microsoft.windows.common-controls_6595b64144ccf1df_6.0.7601.18837_none_41e855142bd5705d\COMCTL32.dll
0x764c0000 - 0x76517000 	C:\Windows\syswow64\SHLWAPI.dll
0x74bd0000 - 0x74c30000 	C:\Windows\system32\IMM32.DLL
0x75460000 - 0x7552d000 	C:\Windows\syswow64\MSCTF.dll
0x604e0000 - 0x6059f000 	C:\Program Files (x86)\Java\jre1.8.0_112\bin\msvcr100.dll
0x5d2d0000 - 0x5d69e000 	C:\Program Files (x86)\Java\jre1.8.0_112\bin\client\jvm.dll
0x72f80000 - 0x72f87000 	C:\Windows\system32\WSOCK32.dll
0x76310000 - 0x76345000 	C:\Windows\syswow64\WS2_32.dll
0x76780000 - 0x76786000 	C:\Windows\syswow64\NSI.dll
0x73960000 - 0x73992000 	C:\Windows\system32\WINMM.dll
0x73900000 - 0x73909000 	C:\Windows\system32\VERSION.dll
0x76370000 - 0x76375000 	C:\Windows\syswow64\PSAPI.DLL
0x5d200000 - 0x5d20c000 	C:\Program Files (x86)\Java\jre1.8.0_112\bin\verify.dll
0x5d1d0000 - 0x5d1f1000 	C:\Program Files (x86)\Java\jre1.8.0_112\bin\java.dll
0x5d1b0000 - 0x5d1c3000 	C:\Program Files (x86)\Java\jre1.8.0_112\bin\zip.dll
0x756c0000 - 0x7630c000 	C:\Windows\syswow64\SHELL32.dll
0x76520000 - 0x7667d000 	C:\Windows\syswow64\ole32.dll
0x76360000 - 0x7636b000 	C:\Windows\syswow64\profapi.dll
0x60390000 - 0x604d6000 	C:\Program Files (x86)\Java\jre1.8.0_112\bin\awt.dll
0x74f10000 - 0x74fa1000 	C:\Windows\syswow64\OLEAUT32.dll
0x73660000 - 0x73673000 	C:\Windows\system32\DWMAPI.DLL
0x602c0000 - 0x60388000 	C:\Windows\system32\opengl32.dll
0x6bed0000 - 0x6bef2000 	C:\Windows\system32\GLU32.dll
0x601d0000 - 0x602b7000 	C:\Windows\system32\DDRAW.dll
0x6c2c0000 - 0x6c2c6000 	C:\Windows\system32\DCIMAN32.dll
0x751b0000 - 0x7534d000 	C:\Windows\syswow64\SETUPAPI.dll
0x76380000 - 0x763a7000 	C:\Windows\syswow64\CFGMGR32.dll
0x764a0000 - 0x764b2000 	C:\Windows\syswow64\DEVOBJ.dll
0x71620000 - 0x716a0000 	C:\Windows\system32\uxtheme.dll
0x6d0f0000 - 0x6d2b3000 	C:\Windows\system32\d3d9.dll
0x6e7d0000 - 0x6e7d6000 	C:\Windows\system32\d3d8thk.dll
0x6e6c0000 - 0x6e748000 	C:\Windows\system32\aticfx32.dll
0x6e7c0000 - 0x6e7ca000 	C:\Windows\system32\atiu9pag.dll
0x62be0000 - 0x62fca000 	C:\Windows\system32\atiumdag.dll
0x63050000 - 0x633b4000 	C:\Windows\system32\atiumdva.dll
0x5fb10000 - 0x5fb49000 	C:\Program Files (x86)\Java\jre1.8.0_112\bin\fontmanager.dll
0x76df0000 - 0x76e73000 	C:\Windows\syswow64\CLBCatQ.DLL
0x5d190000 - 0x5d1a6000 	C:\Program Files (x86)\Java\jre1.8.0_112\bin\net.dll
0x735b0000 - 0x735ec000 	C:\Windows\system32\mswsock.dll
0x73560000 - 0x73566000 	C:\Windows\System32\wship6.dll
0x5d180000 - 0x5d18f000 	C:\Program Files (x86)\Java\jre1.8.0_112\bin\nio.dll
0x5fad0000 - 0x5fb02000 	C:\Program Files (x86)\Java\jre1.8.0_112\bin\t2k.dll

VM Arguments:
jvm_args: -Dfile.encoding=Cp1252 
java_command: Game.main.Game
java_class_path (initial): C:\Users\232219\Documents\GitHub\.metadata\KYMA\bin
Launcher Type: SUN_STANDARD

Environment Variables:
PATH=C:/Program Files (x86)/Java/jre1.8.0_112/bin/client;C:/Program Files (x86)/Java/jre1.8.0_112/bin;C:/Program Files (x86)/Java/jre1.8.0_112/lib/i386;C:\ProgramData\Oracle\Java\javapath;C:\Windows\system32;C:\Windows;C:\Windows\System32\Wbem;C:\Program Files (x86)\ATI Technologies\ATI.ACE\Core-Static;c:\Program Files (x86)\Microsoft SQL Server\100\Tools\Binn\;c:\Program Files\Microsoft SQL Server\100\Tools\Binn\;c:\Program Files\Microsoft SQL Server\100\DTS\Binn\;C:\Windows\System32\WindowsPowerShell\v1.0\;C:\Windows\System32\WindowsPowerShell\v1.0\;C:\Program Files (x86)\Windows Kits\8.1\Windows Performance Toolkit\;C:\Program Files\Microsoft SQL Server\110\Tools\Binn\;C:\Program Files (x86)\Microsoft SDKs\TypeScript\1.0\;C:\Program Files\Microsoft SQL Server\120\Tools\Binn\;C:\Program Files (x86)\QuickTime\QTSystem\;C:\Windows\system32\config\systemprofile\.dnx\bin;C:\Program Files\Microsoft DNX\Dnvm\;C:\Program Files\Microsoft SQL Server\130\Tools\Binn\;C:\Program Files\Git\cmd;N:\32 Bit NEON ECLIPSE;
USERNAME=232219
OS=Windows_NT
PROCESSOR_IDENTIFIER=Intel64 Family 6 Model 42 Stepping 7, GenuineIntel



---------------  S Y S T E M  ---------------

OS:Call to GetFileVersionInfoSize failed

CPU:total 8 (4 cores per cpu, 2 threads per core) family 6 model 42 stepping 7, cmov, cx8, fxsr, mmx, sse, sse2, sse3, ssse3, sse4.1, sse4.2, popcnt, avx, aes, clmul, ht, tsc, tscinvbit

Memory: 4k page, physical 8344508k(3109124k free), swap 16687156k(9709320k free)

vm_info: Java HotSpot(TM) Client VM (25.112-b15) for windows-x86 JRE (1.8.0_112-b15), built on Sep 22 2016 21:03:20 by "java_re" with MS VC++ 10.0 (VS2010)

time: Tue Jan 17 12:59:20 2017
elapsed time: 19 seconds (0d 0h 0m 19s)

