#
# There is insufficient memory for the Java Runtime Environment to continue.
# Native memory allocation (malloc) failed to allocate 120 bytes for AllocateHeap
# Possible reasons:
#   The system is out of physical RAM or swap space
#   In 32 bit mode, the process size limit was hit
# Possible solutions:
#   Reduce memory load on the system
#   Increase physical memory or swap space
#   Check if swap backing store is full
#   Use 64 bit Java on a 64 bit OS
#   Decrease Java heap size (-Xmx/-Xms)
#   Decrease number of Java threads
#   Decrease Java thread stack sizes (-Xss)
#   Set larger code cache with -XX:ReservedCodeCacheSize=
# This output file may be truncated or incomplete.
#
#  Out of Memory Error (memory/allocation.inline.hpp:61), pid=3336, tid=0x00001220
#
# JRE version: Java(TM) SE Runtime Environment (8.0_112-b15) (build 1.8.0_112-b15)
# Java VM: Java HotSpot(TM) Client VM (25.112-b15 mixed mode, sharing windows-x86 )
# Failed to write core dump. Minidumps are not enabled by default on client versions of Windows
#

---------------  T H R E A D  ---------------

Current thread (0x15d9b000):  JavaThread "AWT-EventQueue-0" [_thread_in_vm, id=4640, stack(0x18c30000,0x18c80000)]

Stack: [0x18c30000,0x18c80000],  sp=0x18c7e3e4,  free space=312k
Native frames: (J=compiled Java code, j=interpreted, Vv=VM code, C=native code)
V  [jvm.dll+0x1aa21b]
V  [jvm.dll+0x1a2a28]
V  [jvm.dll+0x1474]
V  [jvm.dll+0x1a3e92]
V  [jvm.dll+0x17964f]
V  [jvm.dll+0xfef77]
J 682  java.lang.Thread.start0()V (0 bytes) @ 0x02844853 [0x028447d0+0x83]
J 681 C1 java.lang.Thread.start()V (71 bytes) @ 0x028478d0 [0x028477d0+0x100]
j  java.lang.ApplicationShutdownHooks.runHooks()V+53
j  java.lang.ApplicationShutdownHooks$1.run()V+0
j  java.lang.Shutdown.runHooks()V+39
j  java.lang.Shutdown.sequence()V+26
j  java.lang.Shutdown.exit(I)V+95
j  java.lang.Runtime.exit(I)V+14
j  java.lang.System.exit(I)V+4
j  javax.swing.JFrame.processWindowEvent(Ljava/awt/event/WindowEvent;)V+64
j  java.awt.Window.processEvent(Ljava/awt/AWTEvent;)V+69
j  java.awt.Component.dispatchEventImpl(Ljava/awt/AWTEvent;)V+589
j  java.awt.Container.dispatchEventImpl(Ljava/awt/AWTEvent;)V+42
j  java.awt.Window.dispatchEventImpl(Ljava/awt/AWTEvent;)V+19
j  java.awt.Component.dispatchEvent(Ljava/awt/AWTEvent;)V+2
j  java.awt.EventQueue.dispatchEventImpl(Ljava/awt/AWTEvent;Ljava/lang/Object;)V+41
j  java.awt.EventQueue.access$500(Ljava/awt/EventQueue;Ljava/awt/AWTEvent;Ljava/lang/Object;)V+3
j  java.awt.EventQueue$3.run()Ljava/lang/Void;+32
j  java.awt.EventQueue$3.run()Ljava/lang/Object;+1
v  ~StubRoutines::call_stub
V  [jvm.dll+0x15a945]
V  [jvm.dll+0x220d0e]
V  [jvm.dll+0x15a9de]
V  [jvm.dll+0x10ae1f]
C  [java.dll+0x102f]
J 707 C1 java.security.ProtectionDomain$JavaSecurityAccessImpl.doIntersectionPrivilege(Ljava/security/PrivilegedAction;Ljava/security/AccessControlContext;Ljava/security/AccessControlContext;)Ljava/lang/Object; (22 bytes) @ 0x0284e280 [0x0284e180+0x100]
C  0x04af4c40

Java frames: (J=compiled Java code, j=interpreted, Vv=VM code)
J 682  java.lang.Thread.start0()V (0 bytes) @ 0x0284480f [0x028447d0+0x3f]
J 681 C1 java.lang.Thread.start()V (71 bytes) @ 0x028478d0 [0x028477d0+0x100]
j  java.lang.ApplicationShutdownHooks.runHooks()V+53
j  java.lang.ApplicationShutdownHooks$1.run()V+0
j  java.lang.Shutdown.runHooks()V+39
j  java.lang.Shutdown.sequence()V+26
j  java.lang.Shutdown.exit(I)V+95
j  java.lang.Runtime.exit(I)V+14
j  java.lang.System.exit(I)V+4
j  javax.swing.JFrame.processWindowEvent(Ljava/awt/event/WindowEvent;)V+64
j  java.awt.Window.processEvent(Ljava/awt/AWTEvent;)V+69
j  java.awt.Component.dispatchEventImpl(Ljava/awt/AWTEvent;)V+589
j  java.awt.Container.dispatchEventImpl(Ljava/awt/AWTEvent;)V+42
j  java.awt.Window.dispatchEventImpl(Ljava/awt/AWTEvent;)V+19
j  java.awt.Component.dispatchEvent(Ljava/awt/AWTEvent;)V+2
j  java.awt.EventQueue.dispatchEventImpl(Ljava/awt/AWTEvent;Ljava/lang/Object;)V+41
j  java.awt.EventQueue.access$500(Ljava/awt/EventQueue;Ljava/awt/AWTEvent;Ljava/lang/Object;)V+3
j  java.awt.EventQueue$3.run()Ljava/lang/Void;+32
j  java.awt.EventQueue$3.run()Ljava/lang/Object;+1
v  ~StubRoutines::call_stub
j  java.security.AccessController.doPrivileged(Ljava/security/PrivilegedAction;Ljava/security/AccessControlContext;)Ljava/lang/Object;+0
J 707 C1 java.security.ProtectionDomain$JavaSecurityAccessImpl.doIntersectionPrivilege(Ljava/security/PrivilegedAction;Ljava/security/AccessControlContext;Ljava/security/AccessControlContext;)Ljava/lang/Object; (22 bytes) @ 0x0284e280 [0x0284e180+0x100]
j  java.security.ProtectionDomain$JavaSecurityAccessImpl.doIntersectionPrivilege(Ljava/security/PrivilegedAction;Ljava/security/AccessControlContext;)Ljava/lang/Object;+6
j  java.awt.EventQueue$4.run()Ljava/lang/Void;+11
j  java.awt.EventQueue$4.run()Ljava/lang/Object;+1
v  ~StubRoutines::call_stub
j  java.security.AccessController.doPrivileged(Ljava/security/PrivilegedAction;Ljava/security/AccessControlContext;)Ljava/lang/Object;+0
J 707 C1 java.security.ProtectionDomain$JavaSecurityAccessImpl.doIntersectionPrivilege(Ljava/security/PrivilegedAction;Ljava/security/AccessControlContext;Ljava/security/AccessControlContext;)Ljava/lang/Object; (22 bytes) @ 0x0284e280 [0x0284e180+0x100]
j  java.awt.EventQueue.dispatchEvent(Ljava/awt/AWTEvent;)V+73
J 700 C1 java.awt.EventDispatchThread.pumpOneEventForFilters(I)V (295 bytes) @ 0x0284b650 [0x0284afc0+0x690]
j  java.awt.EventDispatchThread.pumpEventsForFilter(ILjava/awt/Conditional;Ljava/awt/EventFilter;)V+35
j  java.awt.EventDispatchThread.pumpEventsForHierarchy(ILjava/awt/Conditional;Ljava/awt/Component;)V+11
j  java.awt.EventDispatchThread.pumpEvents(ILjava/awt/Conditional;)V+4
j  java.awt.EventDispatchThread.pumpEvents(Ljava/awt/Conditional;)V+3
j  java.awt.EventDispatchThread.run()V+9
v  ~StubRoutines::call_stub

---------------  P R O C E S S  ---------------

Java Threads: ( => current thread )
  0x00f8c800 JavaThread "DestroyJavaVM" [_thread_blocked, id=5380, stack(0x00490000,0x004e0000)]
  0x15db6400 JavaThread "D3D Screen Updater" daemon [_thread_blocked, id=4360, stack(0x18340000,0x18390000)]
  0x15db5400 JavaThread "Thread-2" [_thread_in_native, id=2716, stack(0x19a20000,0x19a70000)]
=>0x15d9b000 JavaThread "AWT-EventQueue-0" [_thread_in_vm, id=4640, stack(0x18c30000,0x18c80000)]
  0x15d45800 JavaThread "AWT-Windows" daemon [_thread_in_native, id=6772, stack(0x16610000,0x16660000)]
  0x15d44400 JavaThread "AWT-Shutdown" [_thread_blocked, id=6376, stack(0x16190000,0x161e0000)]
  0x15d41400 JavaThread "Java2D Disposer" daemon [_thread_blocked, id=6560, stack(0x163e0000,0x16430000)]
  0x009ff000 JavaThread "Service Thread" daemon [_thread_blocked, id=7224, stack(0x152d0000,0x15320000)]
  0x009dfc00 JavaThread "C1 CompilerThread0" daemon [_thread_blocked, id=6236, stack(0x15c80000,0x15cd0000)]
  0x009ddc00 JavaThread "Attach Listener" daemon [_thread_blocked, id=1760, stack(0x15a90000,0x15ae0000)]
  0x009cd400 JavaThread "Signal Dispatcher" daemon [_thread_blocked, id=2804, stack(0x15a40000,0x15a90000)]
  0x009cb000 JavaThread "Finalizer" daemon [_thread_blocked, id=4072, stack(0x046e0000,0x04730000)]
  0x0096f400 JavaThread "Reference Handler" daemon [_thread_blocked, id=6108, stack(0x15330000,0x15380000)]

Other Threads:
  0x0096a800 VMThread [stack: 0x04730000,0x04780000] [id=6876]
  0x15cd1400 WatcherThread [stack: 0x16120000,0x16170000] [id=7512]

VM state:not at safepoint (normal execution)

VM Mutex/Monitor currently owned by a thread:  ([mutex/lock_event])
[0x00f8ac18] Threads_lock - owner thread: 0x15d9b000

Heap:
 def new generation   total 21312K, used 7627K [0x04800000, 0x05f20000, 0x09d50000)
  eden space 18944K,  27% used [0x04800000, 0x04d22ee8, 0x05a80000)
  from space 2368K, 100% used [0x05cd0000, 0x05f20000, 0x05f20000)
  to   space 2368K,   0% used [0x05a80000, 0x05a80000, 0x05cd0000)
 tenured generation   total 47304K, used 43922K [0x09d50000, 0x0cb82000, 0x14800000)
   the space 47304K,  92% used [0x09d50000, 0x0c834a08, 0x0c834c00, 0x0cb82000)
 Metaspace       used 426K, capacity 2526K, committed 2624K, reserved 4480K

Card table byte_map: [0x00400000,0x00490000] byte_map_base: 0x003dc000

Polling page: 0x00180000

CodeCache: size=32768Kb used=1560Kb max_used=1560Kb free=31207Kb
 bounds [0x026d0000, 0x02858000, 0x046d0000]
 total_blobs=958 nmethods=739 adapters=150
 compilation: enabled

Compilation events (10 events):
Event: 36.186 Thread 0x009dfc00  735             Game.main.Trail::tick (40 bytes)
Event: 36.187 Thread 0x009dfc00 nmethod 735 0x028550c8 code [0x028551e0, 0x028552bc]
Event: 36.464 Thread 0x009dfc00  736             java.lang.StringBuilder::append (8 bytes)
Event: 36.464 Thread 0x009dfc00 nmethod 736 0x02855388 code [0x02855480, 0x0285551c]
Event: 36.464 Thread 0x009dfc00  737             java.lang.AbstractStringBuilder::append (62 bytes)
Event: 36.464 Thread 0x009dfc00 nmethod 737 0x02855588 code [0x028556d0, 0x028559a0]
Event: 36.520 Thread 0x009dfc00  738             java.lang.StringBuilder::<init> (18 bytes)
Event: 36.520 Thread 0x009dfc00 nmethod 738 0x02855cc8 code [0x02855dd0, 0x02855f0c]
Event: 36.588 Thread 0x009dfc00  739             java.lang.AbstractStringBuilder::newCapacity (39 bytes)
Event: 36.589 Thread 0x009dfc00 nmethod 739 0x02856008 code [0x02856110, 0x0285624c]

GC Heap History (10 events):
Event: 21.831 GC heap before
{Heap before GC invocations=15 (full 2):
 def new generation   total 17024K, used 17024K [0x04800000, 0x05a70000, 0x09d50000)
  eden space 15168K, 100% used [0x04800000, 0x056d0000, 0x056d0000)
  from space 1856K, 100% used [0x056d0000, 0x058a0000, 0x058a0000)
  to   space 1856K,   0% used [0x058a0000, 0x058a0000, 0x05a70000)
 tenured generation   total 37728K, used 30961K [0x09d50000, 0x0c228000, 0x14800000)
   the space 37728K,  82% used [0x09d50000, 0x0bb8c768, 0x0bb8c800, 0x0c228000)
 Metaspace       used 413K, capacity 2526K, committed 2624K, reserved 4480K
Event: 21.842 GC heap after
Heap after GC invocations=16 (full 2):
 def new generation   total 17024K, used 1856K [0x04800000, 0x05a70000, 0x09d50000)
  eden space 15168K,   0% used [0x04800000, 0x04800000, 0x056d0000)
  from space 1856K, 100% used [0x058a0000, 0x05a70000, 0x05a70000)
  to   space 1856K,   0% used [0x056d0000, 0x056d0000, 0x058a0000)
 tenured generation   total 37728K, used 35897K [0x09d50000, 0x0c228000, 0x14800000)
   the space 37728K,  95% used [0x09d50000, 0x0c05e4a8, 0x0c05e600, 0x0c228000)
 Metaspace       used 413K, capacity 2526K, committed 2624K, reserved 4480K
}
Event: 24.723 GC heap before
{Heap before GC invocations=16 (full 2):
 def new generation   total 17024K, used 17024K [0x04800000, 0x05a70000, 0x09d50000)
  eden space 15168K, 100% used [0x04800000, 0x056d0000, 0x056d0000)
  from space 1856K, 100% used [0x058a0000, 0x05a70000, 0x05a70000)
  to   space 1856K,   0% used [0x056d0000, 0x056d0000, 0x058a0000)
 tenured generation   total 37728K, used 35897K [0x09d50000, 0x0c228000, 0x14800000)
   the space 37728K,  95% used [0x09d50000, 0x0c05e4a8, 0x0c05e600, 0x0c228000)
 Metaspace       used 413K, capacity 2526K, committed 2624K, reserved 4480K
Event: 24.783 GC heap after
Heap after GC invocations=17 (full 3):
 def new generation   total 21312K, used 0K [0x04800000, 0x05f20000, 0x09d50000)
  eden space 18944K,   0% used [0x04800000, 0x04800000, 0x05a80000)
  from space 2368K,   0% used [0x05a80000, 0x05a80000, 0x05cd0000)
  to   space 2368K,   0% used [0x05cd0000, 0x05cd0000, 0x05f20000)
 tenured generation   total 47304K, used 28381K [0x09d50000, 0x0cb82000, 0x14800000)
   the space 47304K,  59% used [0x09d50000, 0x0b907670, 0x0b907800, 0x0cb82000)
 Metaspace       used 413K, capacity 2526K, committed 2624K, reserved 4480K
}
Event: 27.985 GC heap before
{Heap before GC invocations=17 (full 3):
 def new generation   total 21312K, used 18944K [0x04800000, 0x05f20000, 0x09d50000)
  eden space 18944K, 100% used [0x04800000, 0x05a80000, 0x05a80000)
  from space 2368K,   0% used [0x05a80000, 0x05a80000, 0x05cd0000)
  to   space 2368K,   0% used [0x05cd0000, 0x05cd0000, 0x05f20000)
 tenured generation   total 47304K, used 28381K [0x09d50000, 0x0cb82000, 0x14800000)
   the space 47304K,  59% used [0x09d50000, 0x0b907670, 0x0b907800, 0x0cb82000)
 Metaspace       used 416K, capacity 2526K, committed 2624K, reserved 4480K
Event: 27.997 GC heap after
Heap after GC invocations=18 (full 3):
 def new generation   total 21312K, used 2368K [0x04800000, 0x05f20000, 0x09d50000)
  eden space 18944K,   0% used [0x04800000, 0x04800000, 0x05a80000)
  from space 2368K, 100% used [0x05cd0000, 0x05f20000, 0x05f20000)
  to   space 2368K,   0% used [0x05a80000, 0x05a80000, 0x05cd0000)
 tenured generation   total 47304K, used 31320K [0x09d50000, 0x0cb82000, 0x14800000)
   the space 47304K,  66% used [0x09d50000, 0x0bbe6010, 0x0bbe6200, 0x0cb82000)
 Metaspace       used 416K, capacity 2526K, committed 2624K, reserved 4480K
}
Event: 31.608 GC heap before
{Heap before GC invocations=18 (full 3):
 def new generation   total 21312K, used 21312K [0x04800000, 0x05f20000, 0x09d50000)
  eden space 18944K, 100% used [0x04800000, 0x05a80000, 0x05a80000)
  from space 2368K, 100% used [0x05cd0000, 0x05f20000, 0x05f20000)
  to   space 2368K,   0% used [0x05a80000, 0x05a80000, 0x05cd0000)
 tenured generation   total 47304K, used 31320K [0x09d50000, 0x0cb82000, 0x14800000)
   the space 47304K,  66% used [0x09d50000, 0x0bbe6010, 0x0bbe6200, 0x0cb82000)
 Metaspace       used 416K, capacity 2526K, committed 2624K, reserved 4480K
Event: 31.621 GC heap after
Heap after GC invocations=19 (full 3):
 def new generation   total 21312K, used 2368K [0x04800000, 0x05f20000, 0x09d50000)
  eden space 18944K,   0% used [0x04800000, 0x04800000, 0x05a80000)
  from space 2368K, 100% used [0x05a80000, 0x05cd0000, 0x05cd0000)
  to   space 2368K,   0% used [0x05cd0000, 0x05cd0000, 0x05f20000)
 tenured generation   total 47304K, used 37479K [0x09d50000, 0x0cb82000, 0x14800000)
   the space 47304K,  79% used [0x09d50000, 0x0c1e9e78, 0x0c1ea000, 0x0cb82000)
 Metaspace       used 416K, capacity 2526K, committed 2624K, reserved 4480K
}
Event: 35.750 GC heap before
{Heap before GC invocations=19 (full 3):
 def new generation   total 21312K, used 21312K [0x04800000, 0x05f20000, 0x09d50000)
  eden space 18944K, 100% used [0x04800000, 0x05a80000, 0x05a80000)
  from space 2368K, 100% used [0x05a80000, 0x05cd0000, 0x05cd0000)
  to   space 2368K,   0% used [0x05cd0000, 0x05cd0000, 0x05f20000)
 tenured generation   total 47304K, used 37479K [0x09d50000, 0x0cb82000, 0x14800000)
   the space 47304K,  79% used [0x09d50000, 0x0c1e9e78, 0x0c1ea000, 0x0cb82000)
 Metaspace       used 426K, capacity 2526K, committed 2624K, reserved 4480K
Event: 35.766 GC heap after
Heap after GC invocations=20 (full 3):
 def new generation   total 21312K, used 2368K [0x04800000, 0x05f20000, 0x09d50000)
  eden space 18944K,   0% used [0x04800000, 0x04800000, 0x05a80000)
  from space 2368K, 100% used [0x05cd0000, 0x05f20000, 0x05f20000)
  to   space 2368K,   0% used [0x05a80000, 0x05a80000, 0x05cd0000)
 tenured generation   total 47304K, used 43922K [0x09d50000, 0x0cb82000, 0x14800000)
   the space 47304K,  92% used [0x09d50000, 0x0c834a08, 0x0c834c00, 0x0cb82000)
 Metaspace       used 426K, capacity 2526K, committed 2624K, reserved 4480K
}

Deoptimization events (0 events):
No events

Internal exceptions (10 events):
Event: 0.013 Thread 0x00f8c800 Exception <a 'java/lang/NoSuchMethodError': Method sun.misc.Unsafe.defineClass(Ljava/lang/String;[BII)Ljava/lang/Class; name or signature does not match> (0x04807990) thrown at [C:\re\workspace\8-2-build-windows-i586-cygwin\jdk8u112\7884\hotspot\src\share
Event: 0.013 Thread 0x00f8c800 Exception <a 'java/lang/NoSuchMethodError': Method sun.misc.Unsafe.prefetchRead(Ljava/lang/Object;J)V name or signature does not match> (0x04807c60) thrown at [C:\re\workspace\8-2-build-windows-i586-cygwin\jdk8u112\7884\hotspot\src\share\vm\prims\jni.cpp,
Event: 0.039 Thread 0x00f8c800 Exception <a 'java/security/PrivilegedActionException'> (0x0487c340) thrown at [C:\re\workspace\8-2-build-windows-i586-cygwin\jdk8u112\7884\hotspot\src\share\vm\prims\jvm.cpp, line 1390]
Event: 0.039 Thread 0x00f8c800 Exception <a 'java/security/PrivilegedActionException'> (0x0487c540) thrown at [C:\re\workspace\8-2-build-windows-i586-cygwin\jdk8u112\7884\hotspot\src\share\vm\prims\jvm.cpp, line 1390]
Event: 0.039 Thread 0x00f8c800 Exception <a 'java/security/PrivilegedActionException'> (0x04880378) thrown at [C:\re\workspace\8-2-build-windows-i586-cygwin\jdk8u112\7884\hotspot\src\share\vm\prims\jvm.cpp, line 1390]
Event: 0.039 Thread 0x00f8c800 Exception <a 'java/security/PrivilegedActionException'> (0x04880578) thrown at [C:\re\workspace\8-2-build-windows-i586-cygwin\jdk8u112\7884\hotspot\src\share\vm\prims\jvm.cpp, line 1390]
Event: 0.041 Thread 0x00f8c800 Exception <a 'java/io/FileNotFoundException'> (0x04882758) thrown at [C:\re\workspace\8-2-build-windows-i586-cygwin\jdk8u112\7884\hotspot\src\share\vm\prims\jni.cpp, line 709]
Event: 0.062 Thread 0x00f8c800 Exception <a 'java/lang/NoSuchFieldError': method resolution failed> (0x04953fa8) thrown at [C:\re\workspace\8-2-build-windows-i586-cygwin\jdk8u112\7884\hotspot\src\share\vm\prims\methodHandles.cpp, line 1146]
Event: 0.063 Thread 0x00f8c800 Exception <a 'java/lang/NoSuchFieldError': method resolution failed> (0x04960148) thrown at [C:\re\workspace\8-2-build-windows-i586-cygwin\jdk8u112\7884\hotspot\src\share\vm\prims\methodHandles.cpp, line 1146]
Event: 0.081 Thread 0x00f8c800 Exception <a 'java/io/FileNotFoundException'> (0x049f88d8) thrown at [C:\re\workspace\8-2-build-windows-i586-cygwin\jdk8u112\7884\hotspot\src\share\vm\prims\jni.cpp, line 709]

Events (10 events):
Event: 35.283 loading class Game/main/ID
Event: 35.283 loading class Game/main/ID done
Event: 35.284 loading class Game/main/Trail
Event: 35.284 loading class Game/main/Trail done
Event: 35.750 Executing VM operation: GenCollectForAllocation
Event: 35.766 Executing VM operation: GenCollectForAllocation done
Event: 35.766 Executing VM operation: RevokeBias
Event: 35.766 Executing VM operation: RevokeBias done
Event: 35.767 Executing VM operation: RevokeBias
Event: 35.767 Executing VM operation: RevokeBias done


Dynamic libraries:
0x01290000 - 0x012c3000 	C:\Program Files (x86)\Java\jre1.8.0_112\bin\javaw.exe
0x77280000 - 0x77400000 	C:\Windows\SysWOW64\ntdll.dll
0x768f0000 - 0x76a00000 	C:\Windows\syswow64\kernel32.dll
0x76890000 - 0x768d7000 	C:\Windows\syswow64\KERNELBASE.dll
0x76680000 - 0x76721000 	C:\Windows\syswow64\ADVAPI32.dll
0x75100000 - 0x751ac000 	C:\Windows\syswow64\msvcrt.dll
0x756a0000 - 0x756b9000 	C:\Windows\SysWOW64\sechost.dll
0x75360000 - 0x75450000 	C:\Windows\syswow64\RPCRT4.dll
0x74b70000 - 0x74bd0000 	C:\Windows\syswow64\SspiCli.dll
0x74b60000 - 0x74b6c000 	C:\Windows\syswow64\CRYPTBASE.dll
0x76790000 - 0x76890000 	C:\Windows\syswow64\USER32.dll
0x763b0000 - 0x76440000 	C:\Windows\syswow64\GDI32.dll
0x75450000 - 0x7545a000 	C:\Windows\syswow64\LPK.dll
0x75560000 - 0x755fd000 	C:\Windows\syswow64\USP10.dll
0x739b0000 - 0x73b4e000 	C:\Windows\WinSxS\x86_microsoft.windows.common-controls_6595b64144ccf1df_6.0.7601.18837_none_41e855142bd5705d\COMCTL32.dll
0x764c0000 - 0x76517000 	C:\Windows\syswow64\SHLWAPI.dll
0x74bd0000 - 0x74c30000 	C:\Windows\system32\IMM32.DLL
0x75460000 - 0x7552d000 	C:\Windows\syswow64\MSCTF.dll
0x5a1a0000 - 0x5a25f000 	C:\Program Files (x86)\Java\jre1.8.0_112\bin\msvcr100.dll
0x5ce20000 - 0x5d1ee000 	C:\Program Files (x86)\Java\jre1.8.0_112\bin\client\jvm.dll
0x72f80000 - 0x72f87000 	C:\Windows\system32\WSOCK32.dll
0x76310000 - 0x76345000 	C:\Windows\syswow64\WS2_32.dll
0x76780000 - 0x76786000 	C:\Windows\syswow64\NSI.dll
0x73960000 - 0x73992000 	C:\Windows\system32\WINMM.dll
0x73900000 - 0x73909000 	C:\Windows\system32\VERSION.dll
0x76370000 - 0x76375000 	C:\Windows\syswow64\PSAPI.DLL
0x5dda0000 - 0x5ddac000 	C:\Program Files (x86)\Java\jre1.8.0_112\bin\verify.dll
0x5cdf0000 - 0x5ce11000 	C:\Program Files (x86)\Java\jre1.8.0_112\bin\java.dll
0x5cdd0000 - 0x5cde3000 	C:\Program Files (x86)\Java\jre1.8.0_112\bin\zip.dll
0x756c0000 - 0x7630c000 	C:\Windows\syswow64\SHELL32.dll
0x76520000 - 0x7667d000 	C:\Windows\syswow64\ole32.dll
0x76360000 - 0x7636b000 	C:\Windows\syswow64\profapi.dll
0x58950000 - 0x58a96000 	C:\Program Files (x86)\Java\jre1.8.0_112\bin\awt.dll
0x74f10000 - 0x74fa1000 	C:\Windows\syswow64\OLEAUT32.dll
0x73660000 - 0x73673000 	C:\Windows\system32\DWMAPI.DLL
0x58880000 - 0x58948000 	C:\Windows\system32\opengl32.dll
0x5d220000 - 0x5d242000 	C:\Windows\system32\GLU32.dll
0x58790000 - 0x58877000 	C:\Windows\system32\DDRAW.dll
0x5d210000 - 0x5d216000 	C:\Windows\system32\DCIMAN32.dll
0x751b0000 - 0x7534d000 	C:\Windows\syswow64\SETUPAPI.dll
0x76380000 - 0x763a7000 	C:\Windows\syswow64\CFGMGR32.dll
0x764a0000 - 0x764b2000 	C:\Windows\syswow64\DEVOBJ.dll
0x709a0000 - 0x70a20000 	C:\Windows\system32\uxtheme.dll
0x6a780000 - 0x6a943000 	C:\Windows\system32\d3d9.dll
0x6aa00000 - 0x6aa06000 	C:\Windows\system32\d3d8thk.dll
0x6a6f0000 - 0x6a778000 	C:\Windows\system32\aticfx32.dll
0x6a9f0000 - 0x6a9fa000 	C:\Windows\system32\atiu9pag.dll
0x69f10000 - 0x6a2fa000 	C:\Windows\system32\atiumdag.dll
0x6a380000 - 0x6a6e4000 	C:\Windows\system32\atiumdva.dll
0x5a160000 - 0x5a199000 	C:\Program Files (x86)\Java\jre1.8.0_112\bin\fontmanager.dll
0x76df0000 - 0x76e73000 	C:\Windows\syswow64\CLBCatQ.DLL
0x5cdb0000 - 0x5cdc6000 	C:\Program Files (x86)\Java\jre1.8.0_112\bin\net.dll
0x735b0000 - 0x735ec000 	C:\Windows\system32\mswsock.dll
0x73560000 - 0x73566000 	C:\Windows\System32\wship6.dll
0x5cda0000 - 0x5cdaf000 	C:\Program Files (x86)\Java\jre1.8.0_112\bin\nio.dll
0x58750000 - 0x58782000 	C:\Program Files (x86)\Java\jre1.8.0_112\bin\t2k.dll

VM Arguments:
jvm_args: -Dfile.encoding=Cp1252 
java_command: Game.main.Game
java_class_path (initial): C:\Users\232219\Documents\GitHub\.metadata\KYMA\bin
Launcher Type: SUN_STANDARD

Environment Variables:
PATH=C:/Program Files (x86)/Java/jre1.8.0_112/bin/client;C:/Program Files (x86)/Java/jre1.8.0_112/bin;C:/Program Files (x86)/Java/jre1.8.0_112/lib/i386;C:\ProgramData\Oracle\Java\javapath;C:\Windows\system32;C:\Windows;C:\Windows\System32\Wbem;C:\Program Files (x86)\ATI Technologies\ATI.ACE\Core-Static;c:\Program Files (x86)\Microsoft SQL Server\100\Tools\Binn\;c:\Program Files\Microsoft SQL Server\100\Tools\Binn\;c:\Program Files\Microsoft SQL Server\100\DTS\Binn\;C:\Windows\System32\WindowsPowerShell\v1.0\;C:\Windows\System32\WindowsPowerShell\v1.0\;C:\Program Files (x86)\Windows Kits\8.1\Windows Performance Toolkit\;C:\Program Files\Microsoft SQL Server\110\Tools\Binn\;C:\Program Files (x86)\Microsoft SDKs\TypeScript\1.0\;C:\Program Files\Microsoft SQL Server\120\Tools\Binn\;C:\Program Files (x86)\QuickTime\QTSystem\;C:\Windows\system32\config\systemprofile\.dnx\bin;C:\Program Files\Microsoft DNX\Dnvm\;C:\Program Files\Microsoft SQL Server\130\Tools\Binn\;C:\Program Files\Git\cmd;N:\32 Bit NEON ECLIPSE;
USERNAME=232219
OS=Windows_NT
PROCESSOR_IDENTIFIER=Intel64 Family 6 Model 42 Stepping 7, GenuineIntel



---------------  S Y S T E M  ---------------

OS:Call to GetFileVersionInfoSize failed

CPU:total 8 (4 cores per cpu, 2 threads per core) family 6 model 42 stepping 7, cmov, cx8, fxsr, mmx, sse, sse2, sse3, ssse3, sse4.1, sse4.2, popcnt, avx, aes, clmul, ht, tsc, tscinvbit

Memory: 4k page, physical 8344508k(3167744k free), swap 16687156k(9726060k free)

vm_info: Java HotSpot(TM) Client VM (25.112-b15) for windows-x86 JRE (1.8.0_112-b15), built on Sep 22 2016 21:03:20 by "java_re" with MS VC++ 10.0 (VS2010)

time: Wed Jan 18 15:03:50 2017
elapsed time: 36 seconds (0d 0h 0m 36s)

