#
# There is insufficient memory for the Java Runtime Environment to continue.
# Native memory allocation (malloc) failed to allocate 156 bytes for AllocateHeap
# Possible reasons:
#   The system is out of physical RAM or swap space
#   In 32 bit mode, the process size limit was hit
# Possible solutions:
#   Reduce memory load on the system
#   Increase physical memory or swap space
#   Check if swap backing store is full
#   Use 64 bit Java on a 64 bit OS
#   Decrease Java heap size (-Xmx/-Xms)
#   Decrease number of Java threads
#   Decrease Java thread stack sizes (-Xss)
#   Set larger code cache with -XX:ReservedCodeCacheSize=
# This output file may be truncated or incomplete.
#
#  Out of Memory Error (memory/allocation.inline.hpp:61), pid=7824, tid=0x00002854
#
# JRE version: Java(TM) SE Runtime Environment (8.0_112-b15) (build 1.8.0_112-b15)
# Java VM: Java HotSpot(TM) Client VM (25.112-b15 mixed mode, sharing windows-x86 )
# Failed to write core dump. Minidumps are not enabled by default on client versions of Windows
#

---------------  T H R E A D  ---------------

Current thread (0x15cb1800):  JavaThread "Thread-2" [_thread_in_vm, id=10324, stack(0x19980000,0x199d0000)]

Stack: [0x19980000,0x199d0000],  sp=0x199ce880,  free space=314k
Native frames: (J=compiled Java code, j=interpreted, Vv=VM code, C=native code)
V  [jvm.dll+0x1aa21b]
V  [jvm.dll+0x1a2a28]
V  [jvm.dll+0x5064]
V  [jvm.dll+0x5538]
V  [jvm.dll+0x15b683]
V  [jvm.dll+0x15a405]
V  [jvm.dll+0x15a90f]
V  [jvm.dll+0x220d0e]
V  [jvm.dll+0x15a9de]
V  [jvm.dll+0x10ae1f]
C  [java.dll+0x1015]
J 556 C1 sun.font.TrueTypeFont.open(Z)Ljava/nio/channels/FileChannel; (170 bytes) @ 0x0291a090 [0x02919de0+0x2b0]
J 550 C1 sun.font.TrueTypeFont.<init>(Ljava/lang/String;Ljava/lang/Object;IZZ)V (111 bytes) @ 0x02918540 [0x02918410+0x130]
J 615 C1 sun.font.SunFontManager.createFont2D(Ljava/io/File;IZLsun/font/CreatedFontTracker;)Lsun/font/Font2D; (207 bytes) @ 0x0292c304 [0x0292c1f0+0x114]
J 548 C1 java.awt.Font.<init>(Ljava/io/File;IZLsun/font/CreatedFontTracker;)V (76 bytes) @ 0x02917ca0 [0x02917ac0+0x1e0]
J 547 C1 java.awt.Font.createFont(ILjava/io/File;)Ljava/awt/Font; (104 bytes) @ 0x0291720c [0x02917040+0x1cc]
J 546 C1 Game.main.Menu.render(Ljava/awt/Graphics;)V (813 bytes) @ 0x02914d04 [0x02914c70+0x94]
J 536 C1 Game.main.Game.render()V (112 bytes) @ 0x029102dc [0x02910200+0xdc]
j  Game.main.Game.run()V+82
j  java.lang.Thread.run()V+11
v  ~StubRoutines::call_stub
V  [jvm.dll+0x15a945]
V  [jvm.dll+0x220d0e]
V  [jvm.dll+0x15a9de]
V  [jvm.dll+0x15ab66]
V  [jvm.dll+0x15abd7]
V  [jvm.dll+0xfeeaf]
V  [jvm.dll+0x17d670]
V  [jvm.dll+0x17deea]
V  [jvm.dll+0x1c2986]
C  [msvcr100.dll+0x5c556]
C  [msvcr100.dll+0x5c600]
C  [kernel32.dll+0x1336a]
C  [ntdll.dll+0x39902]
C  [ntdll.dll+0x398d5]
C  0x00000000

Java frames: (J=compiled Java code, j=interpreted, Vv=VM code)
J 461  java.security.AccessController.doPrivileged(Ljava/security/PrivilegedAction;)Ljava/lang/Object; (0 bytes) @ 0x028ff270 [0x028ff220+0x50]
J 556 C1 sun.font.TrueTypeFont.open(Z)Ljava/nio/channels/FileChannel; (170 bytes) @ 0x0291a090 [0x02919de0+0x2b0]
J 550 C1 sun.font.TrueTypeFont.<init>(Ljava/lang/String;Ljava/lang/Object;IZZ)V (111 bytes) @ 0x02918540 [0x02918410+0x130]
J 615 C1 sun.font.SunFontManager.createFont2D(Ljava/io/File;IZLsun/font/CreatedFontTracker;)Lsun/font/Font2D; (207 bytes) @ 0x0292c304 [0x0292c1f0+0x114]
J 548 C1 java.awt.Font.<init>(Ljava/io/File;IZLsun/font/CreatedFontTracker;)V (76 bytes) @ 0x02917ca0 [0x02917ac0+0x1e0]
J 547 C1 java.awt.Font.createFont(ILjava/io/File;)Ljava/awt/Font; (104 bytes) @ 0x0291720c [0x02917040+0x1cc]
J 546 C1 Game.main.Menu.render(Ljava/awt/Graphics;)V (813 bytes) @ 0x02914d04 [0x02914c70+0x94]
J 536 C1 Game.main.Game.render()V (112 bytes) @ 0x029102dc [0x02910200+0xdc]
j  Game.main.Game.run()V+82
j  java.lang.Thread.run()V+11
v  ~StubRoutines::call_stub

---------------  P R O C E S S  ---------------

Java Threads: ( => current thread )
  0x15cba400 JavaThread "D3D Screen Updater" daemon [_thread_blocked, id=7336, stack(0x19a80000,0x19ad0000)]
  0x003fc400 JavaThread "DestroyJavaVM" [_thread_blocked, id=9388, stack(0x00a90000,0x00ae0000)]
=>0x15cb1800 JavaThread "Thread-2" [_thread_in_vm, id=10324, stack(0x19980000,0x199d0000)]
  0x15ca0000 JavaThread "AWT-EventQueue-0" [_thread_blocked, id=9668, stack(0x18b40000,0x18b90000)]
  0x15c47c00 JavaThread "AWT-Windows" daemon [_thread_in_native, id=4436, stack(0x16450000,0x164a0000)]
  0x15c46000 JavaThread "AWT-Shutdown" [_thread_blocked, id=11104, stack(0x163f0000,0x16440000)]
  0x00392800 JavaThread "Service Thread" daemon [_thread_blocked, id=10200, stack(0x01270000,0x012c0000)]
  0x0036c000 JavaThread "C1 CompilerThread0" daemon [_thread_blocked, id=13440, stack(0x159e0000,0x15a30000)]
  0x0036a000 JavaThread "Attach Listener" daemon [_thread_blocked, id=2784, stack(0x15b00000,0x15b50000)]
  0x00366800 JavaThread "Signal Dispatcher" daemon [_thread_blocked, id=10828, stack(0x15970000,0x159c0000)]
  0x0035b000 JavaThread "Finalizer" daemon [_thread_blocked, id=8372, stack(0x152f0000,0x15340000)]
  0x002ff400 JavaThread "Reference Handler" daemon [_thread_blocked, id=7256, stack(0x012e0000,0x01330000)]

Other Threads:
  0x002fa800 VMThread [stack: 0x01330000,0x01380000] [id=10416]
  0x15bd8800 WatcherThread [stack: 0x15f10000,0x15f60000] [id=7820]

VM state:not at safepoint (normal execution)

VM Mutex/Monitor currently owned by a thread:  ([mutex/lock_event])
[0x003fa458] JNIHandleBlockFreeList_lock - owner thread: 0x15cb1800

Heap:
 def new generation   total 19968K, used 9031K [0x04800000, 0x05da0000, 0x09d50000)
  eden space 17792K,  50% used [0x04800000, 0x050d1e90, 0x05960000)
  from space 2176K,   0% used [0x05960000, 0x05960000, 0x05b80000)
  to   space 2176K,   0% used [0x05b80000, 0x05b80000, 0x05da0000)
 tenured generation   total 44236K, used 26539K [0x09d50000, 0x0c883000, 0x14800000)
   the space 44236K,  59% used [0x09d50000, 0x0b73ad28, 0x0b73ae00, 0x0c883000)
 Metaspace       used 418K, capacity 2526K, committed 2624K, reserved 4480K

Card table byte_map: [0x009c0000,0x00a50000] byte_map_base: 0x0099c000

Polling page: 0x00130000

CodeCache: size=32768Kb used=1430Kb max_used=1430Kb free=31337Kb
 bounds [0x027d0000, 0x02938000, 0x047d0000]
 total_blobs=857 nmethods=642 adapters=146
 compilation: enabled

Compilation events (10 events):
Event: 18.358 Thread 0x0036c000  637             java.lang.Throwable::<init> (34 bytes)
Event: 18.358 Thread 0x0036c000 nmethod 637 0x02934b88 code [0x02934c90, 0x02934f1c]
Event: 18.371 Thread 0x0036c000  638             sun.font.T2KFontScaler::invalidateScaler (18 bytes)
Event: 18.371 Thread 0x0036c000 nmethod 638 0x02935008 code [0x02935110, 0x0293520c]
Event: 18.371 Thread 0x0036c000  639             sun.font.FontScalerException::<init> (7 bytes)
Event: 18.371 Thread 0x0036c000 nmethod 639 0x02935288 code [0x02935390, 0x0293542c]
Event: 18.371 Thread 0x0036c000  640             sun.font.NullFontScaler::createScalerContext (4 bytes)
Event: 18.371 Thread 0x0036c000 nmethod 640 0x029354c8 code [0x029355c0, 0x0293564c]
Event: 21.961 Thread 0x0036c000  642 %           java.lang.ref.Reference$ReferenceHandler::run @ 0 (8 bytes)
Event: 21.961 Thread 0x0036c000 nmethod 642% 0x02935948 code [0x02935a50, 0x02935afc]

GC Heap History (10 events):
Event: 11.355 GC heap before
{Heap before GC invocations=11 (full 1):
 def new generation   total 8640K, used 8640K [0x04800000, 0x05160000, 0x09d50000)
  eden space 7680K, 100% used [0x04800000, 0x04f80000, 0x04f80000)
  from space 960K, 100% used [0x05070000, 0x05160000, 0x05160000)
  to   space 960K,   0% used [0x04f80000, 0x04f80000, 0x05070000)
 tenured generation   total 19096K, used 18718K [0x09d50000, 0x0aff6000, 0x14800000)
   the space 19096K,  98% used [0x09d50000, 0x0af97b80, 0x0af97c00, 0x0aff6000)
 Metaspace       used 414K, capacity 2539K, committed 2624K, reserved 4480K
Event: 11.396 GC heap after
Heap after GC invocations=12 (full 2):
 def new generation   total 16064K, used 0K [0x04800000, 0x05960000, 0x09d50000)
  eden space 14336K,   0% used [0x04800000, 0x04800000, 0x05600000)
  from space 1728K,   0% used [0x05600000, 0x05600000, 0x057b0000)
  to   space 1728K,   0% used [0x057b0000, 0x057b0000, 0x05960000)
 tenured generation   total 35468K, used 21280K [0x09d50000, 0x0bff3000, 0x14800000)
   the space 35468K,  59% used [0x09d50000, 0x0b2181e8, 0x0b218200, 0x0bff3000)
 Metaspace       used 409K, capacity 2526K, committed 2624K, reserved 4480K
}
Event: 13.836 GC heap before
{Heap before GC invocations=12 (full 2):
 def new generation   total 16064K, used 14336K [0x04800000, 0x05960000, 0x09d50000)
  eden space 14336K, 100% used [0x04800000, 0x05600000, 0x05600000)
  from space 1728K,   0% used [0x05600000, 0x05600000, 0x057b0000)
  to   space 1728K,   0% used [0x057b0000, 0x057b0000, 0x05960000)
 tenured generation   total 35468K, used 21280K [0x09d50000, 0x0bff3000, 0x14800000)
   the space 35468K,  59% used [0x09d50000, 0x0b2181e8, 0x0b218200, 0x0bff3000)
 Metaspace       used 411K, capacity 2526K, committed 2624K, reserved 4480K
Event: 13.848 GC heap after
Heap after GC invocations=13 (full 2):
 def new generation   total 16064K, used 1728K [0x04800000, 0x05960000, 0x09d50000)
  eden space 14336K,   0% used [0x04800000, 0x04800000, 0x05600000)
  from space 1728K, 100% used [0x057b0000, 0x05960000, 0x05960000)
  to   space 1728K,   0% used [0x05600000, 0x05600000, 0x057b0000)
 tenured generation   total 35468K, used 24374K [0x09d50000, 0x0bff3000, 0x14800000)
   the space 35468K,  68% used [0x09d50000, 0x0b51dae8, 0x0b51dc00, 0x0bff3000)
 Metaspace       used 411K, capacity 2526K, committed 2624K, reserved 4480K
}
Event: 16.049 GC heap before
{Heap before GC invocations=13 (full 2):
 def new generation   total 16064K, used 16064K [0x04800000, 0x05960000, 0x09d50000)
  eden space 14336K, 100% used [0x04800000, 0x05600000, 0x05600000)
  from space 1728K, 100% used [0x057b0000, 0x05960000, 0x05960000)
  to   space 1728K,   0% used [0x05600000, 0x05600000, 0x057b0000)
 tenured generation   total 35468K, used 24374K [0x09d50000, 0x0bff3000, 0x14800000)
   the space 35468K,  68% used [0x09d50000, 0x0b51dae8, 0x0b51dc00, 0x0bff3000)
 Metaspace       used 414K, capacity 2526K, committed 2624K, reserved 4480K
Event: 16.062 GC heap after
Heap after GC invocations=14 (full 2):
 def new generation   total 16064K, used 1728K [0x04800000, 0x05960000, 0x09d50000)
  eden space 14336K,   0% used [0x04800000, 0x04800000, 0x05600000)
  from space 1728K, 100% used [0x05600000, 0x057b0000, 0x057b0000)
  to   space 1728K,   0% used [0x057b0000, 0x057b0000, 0x05960000)
 tenured generation   total 35468K, used 29184K [0x09d50000, 0x0bff3000, 0x14800000)
   the space 35468K,  82% used [0x09d50000, 0x0b9d02e0, 0x0b9d0400, 0x0bff3000)
 Metaspace       used 414K, capacity 2526K, committed 2624K, reserved 4480K
}
Event: 18.979 GC heap before
{Heap before GC invocations=14 (full 2):
 def new generation   total 16064K, used 16064K [0x04800000, 0x05960000, 0x09d50000)
  eden space 14336K, 100% used [0x04800000, 0x05600000, 0x05600000)
  from space 1728K, 100% used [0x05600000, 0x057b0000, 0x057b0000)
  to   space 1728K,   0% used [0x057b0000, 0x057b0000, 0x05960000)
 tenured generation   total 35468K, used 29184K [0x09d50000, 0x0bff3000, 0x14800000)
   the space 35468K,  82% used [0x09d50000, 0x0b9d02e0, 0x0b9d0400, 0x0bff3000)
 Metaspace       used 414K, capacity 2526K, committed 2624K, reserved 4480K
Event: 18.991 GC heap after
Heap after GC invocations=15 (full 2):
 def new generation   total 16064K, used 1728K [0x04800000, 0x05960000, 0x09d50000)
  eden space 14336K,   0% used [0x04800000, 0x04800000, 0x05600000)
  from space 1728K, 100% used [0x057b0000, 0x05960000, 0x05960000)
  to   space 1728K,   0% used [0x05600000, 0x05600000, 0x057b0000)
 tenured generation   total 35468K, used 33884K [0x09d50000, 0x0bff3000, 0x14800000)
   the space 35468K,  95% used [0x09d50000, 0x0be671e8, 0x0be67200, 0x0bff3000)
 Metaspace       used 414K, capacity 2526K, committed 2624K, reserved 4480K
}
Event: 21.901 GC heap before
{Heap before GC invocations=15 (full 2):
 def new generation   total 16064K, used 16064K [0x04800000, 0x05960000, 0x09d50000)
  eden space 14336K, 100% used [0x04800000, 0x05600000, 0x05600000)
  from space 1728K, 100% used [0x057b0000, 0x05960000, 0x05960000)
  to   space 1728K,   0% used [0x05600000, 0x05600000, 0x057b0000)
 tenured generation   total 35468K, used 33884K [0x09d50000, 0x0bff3000, 0x14800000)
   the space 35468K,  95% used [0x09d50000, 0x0be671e8, 0x0be67200, 0x0bff3000)
 Metaspace       used 414K, capacity 2526K, committed 2624K, reserved 4480K
Event: 21.960 GC heap after
Heap after GC invocations=16 (full 3):
 def new generation   total 19968K, used 0K [0x04800000, 0x05da0000, 0x09d50000)
  eden space 17792K,   0% used [0x04800000, 0x04800000, 0x05960000)
  from space 2176K,   0% used [0x05960000, 0x05960000, 0x05b80000)
  to   space 2176K,   0% used [0x05b80000, 0x05b80000, 0x05da0000)
 tenured generation   total 44236K, used 26539K [0x09d50000, 0x0c883000, 0x14800000)
   the space 44236K,  59% used [0x09d50000, 0x0b73ad28, 0x0b73ae00, 0x0c883000)
 Metaspace       used 414K, capacity 2526K, committed 2624K, reserved 4480K
}

Deoptimization events (0 events):
No events

Internal exceptions (10 events):
Event: 0.013 Thread 0x003fc400 Exception <a 'java/lang/NoSuchMethodError': Method sun.misc.Unsafe.prefetchRead(Ljava/lang/Object;J)V name or signature does not match> (0x04807c60) thrown at [C:\re\workspace\8-2-build-windows-i586-cygwin\jdk8u112\7884\hotspot\src\share\vm\prims\jni.cpp,
Event: 0.039 Thread 0x003fc400 Exception <a 'java/security/PrivilegedActionException'> (0x0487c340) thrown at [C:\re\workspace\8-2-build-windows-i586-cygwin\jdk8u112\7884\hotspot\src\share\vm\prims\jvm.cpp, line 1390]
Event: 0.039 Thread 0x003fc400 Exception <a 'java/security/PrivilegedActionException'> (0x0487c540) thrown at [C:\re\workspace\8-2-build-windows-i586-cygwin\jdk8u112\7884\hotspot\src\share\vm\prims\jvm.cpp, line 1390]
Event: 0.039 Thread 0x003fc400 Exception <a 'java/security/PrivilegedActionException'> (0x04880378) thrown at [C:\re\workspace\8-2-build-windows-i586-cygwin\jdk8u112\7884\hotspot\src\share\vm\prims\jvm.cpp, line 1390]
Event: 0.039 Thread 0x003fc400 Exception <a 'java/security/PrivilegedActionException'> (0x04880578) thrown at [C:\re\workspace\8-2-build-windows-i586-cygwin\jdk8u112\7884\hotspot\src\share\vm\prims\jvm.cpp, line 1390]
Event: 0.041 Thread 0x003fc400 Exception <a 'java/io/FileNotFoundException'> (0x04882758) thrown at [C:\re\workspace\8-2-build-windows-i586-cygwin\jdk8u112\7884\hotspot\src\share\vm\prims\jni.cpp, line 709]
Event: 0.062 Thread 0x003fc400 Exception <a 'java/lang/NoSuchFieldError': method resolution failed> (0x04953fa8) thrown at [C:\re\workspace\8-2-build-windows-i586-cygwin\jdk8u112\7884\hotspot\src\share\vm\prims\methodHandles.cpp, line 1146]
Event: 0.063 Thread 0x003fc400 Exception <a 'java/lang/NoSuchFieldError': method resolution failed> (0x04960148) thrown at [C:\re\workspace\8-2-build-windows-i586-cygwin\jdk8u112\7884\hotspot\src\share\vm\prims\methodHandles.cpp, line 1146]
Event: 0.081 Thread 0x003fc400 Exception <a 'java/io/FileNotFoundException'> (0x049f6d38) thrown at [C:\re\workspace\8-2-build-windows-i586-cygwin\jdk8u112\7884\hotspot\src\share\vm\prims\jni.cpp, line 709]
Event: 21.962 Thread 0x15c43400 Exception <a 'java/lang/OutOfMemoryError': unable to create new native thread> (0x0485ae60) thrown at [C:\re\workspace\8-2-build-windows-i586-cygwin\jdk8u112\7884\hotspot\src\share\vm\prims\jvm.cpp, line 3033]

Events (10 events):
Event: 16.062 Executing VM operation: GenCollectForAllocation done
Event: 18.979 Executing VM operation: GenCollectForAllocation
Event: 18.991 Executing VM operation: GenCollectForAllocation done
Event: 21.901 Executing VM operation: GenCollectForAllocation
Event: 21.960 Executing VM operation: GenCollectForAllocation done
Event: 21.961 loading class sun/font/T2KFontScaler$2
Event: 21.961 loading class sun/font/T2KFontScaler$2 done
Event: 21.961 loading class sun/misc/InnocuousThread
Event: 21.961 loading class sun/misc/InnocuousThread done
Event: 21.962 Thread 0x15c43400 Thread exited: 0x15c43400


Dynamic libraries:
0x01390000 - 0x013c3000 	C:\Program Files (x86)\Java\jre1.8.0_112\bin\javaw.exe
0x77280000 - 0x77400000 	C:\Windows\SysWOW64\ntdll.dll
0x768f0000 - 0x76a00000 	C:\Windows\syswow64\kernel32.dll
0x76890000 - 0x768d7000 	C:\Windows\syswow64\KERNELBASE.dll
0x76680000 - 0x76721000 	C:\Windows\syswow64\ADVAPI32.dll
0x75100000 - 0x751ac000 	C:\Windows\syswow64\msvcrt.dll
0x756a0000 - 0x756b9000 	C:\Windows\SysWOW64\sechost.dll
0x75360000 - 0x75450000 	C:\Windows\syswow64\RPCRT4.dll
0x74b70000 - 0x74bd0000 	C:\Windows\syswow64\SspiCli.dll
0x74b60000 - 0x74b6c000 	C:\Windows\syswow64\CRYPTBASE.dll
0x76790000 - 0x76890000 	C:\Windows\syswow64\USER32.dll
0x763b0000 - 0x76440000 	C:\Windows\syswow64\GDI32.dll
0x75450000 - 0x7545a000 	C:\Windows\syswow64\LPK.dll
0x75560000 - 0x755fd000 	C:\Windows\syswow64\USP10.dll
0x739b0000 - 0x73b4e000 	C:\Windows\WinSxS\x86_microsoft.windows.common-controls_6595b64144ccf1df_6.0.7601.18837_none_41e855142bd5705d\COMCTL32.dll
0x764c0000 - 0x76517000 	C:\Windows\syswow64\SHLWAPI.dll
0x74bd0000 - 0x74c30000 	C:\Windows\system32\IMM32.DLL
0x75460000 - 0x7552d000 	C:\Windows\syswow64\MSCTF.dll
0x5a0c0000 - 0x5a17f000 	C:\Program Files (x86)\Java\jre1.8.0_112\bin\msvcr100.dll
0x6ef70000 - 0x6f33e000 	C:\Program Files (x86)\Java\jre1.8.0_112\bin\client\jvm.dll
0x72f80000 - 0x72f87000 	C:\Windows\system32\WSOCK32.dll
0x76310000 - 0x76345000 	C:\Windows\syswow64\WS2_32.dll
0x76780000 - 0x76786000 	C:\Windows\syswow64\NSI.dll
0x73960000 - 0x73992000 	C:\Windows\system32\WINMM.dll
0x73900000 - 0x73909000 	C:\Windows\system32\VERSION.dll
0x76370000 - 0x76375000 	C:\Windows\syswow64\PSAPI.DLL
0x70920000 - 0x7092c000 	C:\Program Files (x86)\Java\jre1.8.0_112\bin\verify.dll
0x708f0000 - 0x70911000 	C:\Program Files (x86)\Java\jre1.8.0_112\bin\java.dll
0x70110000 - 0x70123000 	C:\Program Files (x86)\Java\jre1.8.0_112\bin\zip.dll
0x756c0000 - 0x7630c000 	C:\Windows\syswow64\SHELL32.dll
0x76520000 - 0x7667d000 	C:\Windows\syswow64\ole32.dll
0x76360000 - 0x7636b000 	C:\Windows\syswow64\profapi.dll
0x59f70000 - 0x5a0b6000 	C:\Program Files (x86)\Java\jre1.8.0_112\bin\awt.dll
0x74f10000 - 0x74fa1000 	C:\Windows\syswow64\OLEAUT32.dll
0x73660000 - 0x73673000 	C:\Windows\system32\DWMAPI.DLL
0x59ea0000 - 0x59f68000 	C:\Windows\system32\opengl32.dll
0x59e70000 - 0x59e92000 	C:\Windows\system32\GLU32.dll
0x59d80000 - 0x59e67000 	C:\Windows\system32\DDRAW.dll
0x59d70000 - 0x59d76000 	C:\Windows\system32\DCIMAN32.dll
0x751b0000 - 0x7534d000 	C:\Windows\syswow64\SETUPAPI.dll
0x76380000 - 0x763a7000 	C:\Windows\syswow64\CFGMGR32.dll
0x764a0000 - 0x764b2000 	C:\Windows\syswow64\DEVOBJ.dll
0x71620000 - 0x716a0000 	C:\Windows\system32\uxtheme.dll
0x633e0000 - 0x635a3000 	C:\Windows\system32\d3d9.dll
0x63630000 - 0x63636000 	C:\Windows\system32\d3d8thk.dll
0x63350000 - 0x633d8000 	C:\Windows\system32\aticfx32.dll
0x63620000 - 0x6362a000 	C:\Windows\system32\atiu9pag.dll
0x62b70000 - 0x62f5a000 	C:\Windows\system32\atiumdag.dll
0x62fe0000 - 0x63344000 	C:\Windows\system32\atiumdva.dll
0x59d30000 - 0x59d69000 	C:\Program Files (x86)\Java\jre1.8.0_112\bin\fontmanager.dll
0x76df0000 - 0x76e73000 	C:\Windows\syswow64\CLBCatQ.DLL
0x700f0000 - 0x70106000 	C:\Program Files (x86)\Java\jre1.8.0_112\bin\net.dll
0x735b0000 - 0x735ec000 	C:\Windows\system32\mswsock.dll
0x73560000 - 0x73566000 	C:\Windows\System32\wship6.dll
0x70680000 - 0x7068f000 	C:\Program Files (x86)\Java\jre1.8.0_112\bin\nio.dll
0x59cf0000 - 0x59d22000 	C:\Program Files (x86)\Java\jre1.8.0_112\bin\t2k.dll

VM Arguments:
jvm_args: -Dfile.encoding=Cp1252 
java_command: Game.main.Game
java_class_path (initial): C:\Users\232219\Documents\GitHub\.metadata\KYMA\bin
Launcher Type: SUN_STANDARD

Environment Variables:
PATH=C:/Program Files (x86)/Java/jre1.8.0_112/bin/client;C:/Program Files (x86)/Java/jre1.8.0_112/bin;C:/Program Files (x86)/Java/jre1.8.0_112/lib/i386;C:\ProgramData\Oracle\Java\javapath;C:\Windows\system32;C:\Windows;C:\Windows\System32\Wbem;C:\Program Files (x86)\ATI Technologies\ATI.ACE\Core-Static;c:\Program Files (x86)\Microsoft SQL Server\100\Tools\Binn\;c:\Program Files\Microsoft SQL Server\100\Tools\Binn\;c:\Program Files\Microsoft SQL Server\100\DTS\Binn\;C:\Windows\System32\WindowsPowerShell\v1.0\;C:\Windows\System32\WindowsPowerShell\v1.0\;C:\Program Files (x86)\Windows Kits\8.1\Windows Performance Toolkit\;C:\Program Files\Microsoft SQL Server\110\Tools\Binn\;C:\Program Files (x86)\Microsoft SDKs\TypeScript\1.0\;C:\Program Files\Microsoft SQL Server\120\Tools\Binn\;C:\Program Files (x86)\QuickTime\QTSystem\;C:\Windows\system32\config\systemprofile\.dnx\bin;C:\Program Files\Microsoft DNX\Dnvm\;C:\Program Files\Microsoft SQL Server\130\Tools\Binn\;C:\Program Files\Git\cmd;N:\32 Bit NEON ECLIPSE;
USERNAME=232219
OS=Windows_NT
PROCESSOR_IDENTIFIER=Intel64 Family 6 Model 42 Stepping 7, GenuineIntel



---------------  S Y S T E M  ---------------

OS:Call to GetFileVersionInfoSize failed

CPU:total 8 (4 cores per cpu, 2 threads per core) family 6 model 42 stepping 7, cmov, cx8, fxsr, mmx, sse, sse2, sse3, ssse3, sse4.1, sse4.2, popcnt, avx, aes, clmul, ht, tsc, tscinvbit

Memory: 4k page, physical 8344508k(3142236k free), swap 16687156k(9665728k free)

vm_info: Java HotSpot(TM) Client VM (25.112-b15) for windows-x86 JRE (1.8.0_112-b15), built on Sep 22 2016 21:03:20 by "java_re" with MS VC++ 10.0 (VS2010)

time: Thu Jan 19 11:50:30 2017
elapsed time: 23 seconds (0d 0h 0m 23s)

