#
# There is insufficient memory for the Java Runtime Environment to continue.
# Native memory allocation (malloc) failed to allocate 712 bytes for AllocateHeap
# Possible reasons:
#   The system is out of physical RAM or swap space
#   In 32 bit mode, the process size limit was hit
# Possible solutions:
#   Reduce memory load on the system
#   Increase physical memory or swap space
#   Check if swap backing store is full
#   Use 64 bit Java on a 64 bit OS
#   Decrease Java heap size (-Xmx/-Xms)
#   Decrease number of Java threads
#   Decrease Java thread stack sizes (-Xss)
#   Set larger code cache with -XX:ReservedCodeCacheSize=
# This output file may be truncated or incomplete.
#
#  Out of Memory Error (memory/allocation.inline.hpp:61), pid=12244, tid=0x00001d00
#
# JRE version: Java(TM) SE Runtime Environment (8.0_112-b15) (build 1.8.0_112-b15)
# Java VM: Java HotSpot(TM) Client VM (25.112-b15 mixed mode windows-x86 )
# Failed to write core dump. Minidumps are not enabled by default on client versions of Windows
#

---------------  T H R E A D  ---------------

Current thread (0x182ac400):  JavaThread "Thread-2" [_thread_in_Java, id=7424, stack(0x19520000,0x19570000)]

Stack: [0x19520000,0x19570000],  sp=0x1956ee04,  free space=315k
Native frames: (J=compiled Java code, j=interpreted, Vv=VM code, C=native code)
V  [jvm.dll+0x1aa21b]
V  [jvm.dll+0x1a2a28]
V  [jvm.dll+0x14f3c9]
V  [jvm.dll+0x1504c6]
V  [jvm.dll+0x150545]
v  ~DeoptimizationBlob
J 548 C1 java.awt.Font.createFont(ILjava/io/File;)Ljava/awt/Font; (104 bytes) @ 0x0281c4b8 [0x0281c350+0x168]
j  Game.main.Menu.render(Ljava/awt/Graphics;)V+637
J 617 C1 Game.main.Game.render()V (112 bytes) @ 0x02833ddc [0x02833d00+0xdc]
j  Game.main.Game.run()V+82
j  java.lang.Thread.run()V+11
v  ~StubRoutines::call_stub
V  [jvm.dll+0x15a945]
V  [jvm.dll+0x220d0e]
V  [jvm.dll+0x15a9de]
V  [jvm.dll+0x15ab66]
V  [jvm.dll+0x15abd7]
V  [jvm.dll+0xfeeaf]
V  [jvm.dll+0x17d670]
V  [jvm.dll+0x17deea]
V  [jvm.dll+0x1c2986]
C  [msvcr100.dll+0x5c556]
C  [msvcr100.dll+0x5c600]
C  [kernel32.dll+0x1336a]
C  [ntdll.dll+0x39902]
C  [ntdll.dll+0x398d5]
C  0x00000000

Java frames: (J=compiled Java code, j=interpreted, Vv=VM code)
v  ~DeoptimizationBlob
J 548 C1 java.awt.Font.createFont(ILjava/io/File;)Ljava/awt/Font; (104 bytes) @ 0x0281c4b8 [0x0281c350+0x168]
j  Game.main.Menu.render(Ljava/awt/Graphics;)V+637
J 617 C1 Game.main.Game.render()V (112 bytes) @ 0x02833ddc [0x02833d00+0xdc]
j  Game.main.Game.run()V+82
j  java.lang.Thread.run()V+11
v  ~StubRoutines::call_stub

---------------  P R O C E S S  ---------------

Java Threads: ( => current thread )
  0x182a1400 JavaThread "D3D Screen Updater" daemon [_thread_blocked, id=12076, stack(0x19770000,0x197c0000)]
  0x0042d000 JavaThread "DestroyJavaVM" [_thread_blocked, id=12272, stack(0x00f40000,0x00f90000)]
=>0x182ac400 JavaThread "Thread-2" [_thread_in_Java, id=7424, stack(0x19520000,0x19570000)]
  0x1502e800 JavaThread "AWT-EventQueue-0" [_thread_blocked, id=12040, stack(0x18710000,0x18760000)]
  0x14fac400 JavaThread "AWT-Windows" daemon [_thread_in_native, id=7204, stack(0x15d30000,0x15d80000)]
  0x14fa9c00 JavaThread "AWT-Shutdown" [_thread_blocked, id=6936, stack(0x15cb0000,0x15d00000)]
  0x14fa9000 JavaThread "Java2D Disposer" daemon [_thread_blocked, id=7328, stack(0x00ee0000,0x00f30000)]
  0x14ee3800 JavaThread "Service Thread" daemon [_thread_blocked, id=4724, stack(0x159f0000,0x15a40000)]
  0x14eb9c00 JavaThread "C1 CompilerThread0" daemon [_thread_blocked, id=12012, stack(0x15760000,0x157b0000)]
  0x14eb2400 JavaThread "JDWP Command Reader" daemon [_thread_in_native, id=11992, stack(0x158c0000,0x15910000)]
  0x14eb1800 JavaThread "JDWP Event Helper Thread" daemon [_thread_blocked, id=11996, stack(0x157b0000,0x15800000)]
  0x14eaf400 JavaThread "JDWP Transport Listener: dt_socket" daemon [_thread_blocked, id=11556, stack(0x15650000,0x156a0000)]
  0x14ea1c00 JavaThread "Attach Listener" daemon [_thread_blocked, id=3184, stack(0x15220000,0x15270000)]
  0x14e9f000 JavaThread "Signal Dispatcher" daemon [_thread_blocked, id=7272, stack(0x15100000,0x15150000)]
  0x00ed2400 JavaThread "Finalizer" daemon [_thread_blocked, id=12284, stack(0x15150000,0x151a0000)]
  0x00ecbc00 JavaThread "Reference Handler" daemon [_thread_blocked, id=12280, stack(0x14cf0000,0x14d40000)]

Other Threads:
  0x00ec6000 VMThread [stack: 0x04760000,0x047b0000] [id=12276]
  0x14ee6400 WatcherThread [stack: 0x15850000,0x158a0000] [id=4224]

VM state:not at safepoint (normal execution)

VM Mutex/Monitor currently owned by a thread: None

Heap:
 def new generation   total 24384K, used 18737K [0x04800000, 0x06270000, 0x09d50000)
  eden space 21696K,  86% used [0x04800000, 0x05a4c528, 0x05d30000)
  from space 2688K,   0% used [0x05d30000, 0x05d30000, 0x05fd0000)
  to   space 2688K,   0% used [0x05fd0000, 0x05fd0000, 0x06270000)
 tenured generation   total 54048K, used 32427K [0x09d50000, 0x0d218000, 0x14800000)
   the space 54048K,  59% used [0x09d50000, 0x0bcface0, 0x0bcfae00, 0x0d218000)
 Metaspace       used 5376K, capacity 5542K, committed 5632K, reserved 6528K

Card table byte_map: [0x00cc0000,0x00d50000] byte_map_base: 0x00c9c000

Polling page: 0x00170000

CodeCache: size=32768Kb used=1584Kb max_used=1584Kb free=31183Kb
 bounds [0x026d0000, 0x02860000, 0x046d0000]
 total_blobs=909 nmethods=702 adapters=146
 compilation: enabled

Compilation events (10 events):
Event: 29.244 Thread 0x14eb9c00  697   !         Game.main.Menu::render (813 bytes)
Event: 29.245 Thread 0x14eb9c00 nmethod 697 0x02855d88 code [0x028562f0, 0x028573d4]
Event: 35.636 Thread 0x14eb9c00  698             Game.main.Handler::tick (36 bytes)
Event: 35.636 Thread 0x14eb9c00 nmethod 698 0x02858588 code [0x028586d0, 0x02858890]
Event: 35.789 Thread 0x14eb9c00  699   !         Game.main.Menu::render (813 bytes)
Event: 35.790 Thread 0x14eb9c00 nmethod 699 0x02858b48 code [0x028590b0, 0x0285a194]
Event: 39.023 Thread 0x14eb9c00  701  s          java.awt.KeyboardFocusManager::getCurrentKeyboardFocusManager (32 bytes)
Event: 39.024 Thread 0x14eb9c00 nmethod 701 0x0285b608 code [0x0285b730, 0x0285b9c4]
Event: 39.033 Thread 0x14eb9c00  702             java.awt.KeyboardFocusManager::getCurrentKeyboardFocusManager (7 bytes)
Event: 39.033 Thread 0x14eb9c00 nmethod 702 0x0285bb08 code [0x0285bc50, 0x0285bf30]

GC Heap History (10 events):
Event: 22.094 GC heap before
{Heap before GC invocations=15 (full 2):
 def new generation   total 15168K, used 15168K [0x04800000, 0x05870000, 0x09d50000)
  eden space 13504K, 100% used [0x04800000, 0x05530000, 0x05530000)
  from space 1664K, 100% used [0x056d0000, 0x05870000, 0x05870000)
  to   space 1664K,   0% used [0x05530000, 0x05530000, 0x056d0000)
 tenured generation   total 33600K, used 31888K [0x09d50000, 0x0be20000, 0x14800000)
   the space 33600K,  94% used [0x09d50000, 0x0bc74118, 0x0bc74200, 0x0be20000)
 Metaspace       used 5359K, capacity 5542K, committed 5632K, reserved 6528K
Event: 22.149 GC heap after
Heap after GC invocations=16 (full 3):
 def new generation   total 19008K, used 0K [0x04800000, 0x05ca0000, 0x09d50000)
  eden space 16896K,   0% used [0x04800000, 0x04800000, 0x05880000)
  from space 2112K,   0% used [0x05880000, 0x05880000, 0x05a90000)
  to   space 2112K,   0% used [0x05a90000, 0x05a90000, 0x05ca0000)
 tenured generation   total 42084K, used 25250K [0x09d50000, 0x0c669000, 0x14800000)
   the space 42084K,  59% used [0x09d50000, 0x0b5f88b0, 0x0b5f8a00, 0x0c669000)
 Metaspace       used 5359K, capacity 5542K, committed 5632K, reserved 6528K
}
Event: 26.225 GC heap before
{Heap before GC invocations=16 (full 3):
 def new generation   total 19008K, used 16896K [0x04800000, 0x05ca0000, 0x09d50000)
  eden space 16896K, 100% used [0x04800000, 0x05880000, 0x05880000)
  from space 2112K,   0% used [0x05880000, 0x05880000, 0x05a90000)
  to   space 2112K,   0% used [0x05a90000, 0x05a90000, 0x05ca0000)
 tenured generation   total 42084K, used 25250K [0x09d50000, 0x0c669000, 0x14800000)
   the space 42084K,  59% used [0x09d50000, 0x0b5f88b0, 0x0b5f8a00, 0x0c669000)
 Metaspace       used 5359K, capacity 5542K, committed 5632K, reserved 6528K
Event: 26.237 GC heap after
Heap after GC invocations=17 (full 3):
 def new generation   total 19008K, used 2112K [0x04800000, 0x05ca0000, 0x09d50000)
  eden space 16896K,   0% used [0x04800000, 0x04800000, 0x05880000)
  from space 2112K, 100% used [0x05a90000, 0x05ca0000, 0x05ca0000)
  to   space 2112K,   0% used [0x05880000, 0x05880000, 0x05a90000)
 tenured generation   total 42084K, used 27889K [0x09d50000, 0x0c669000, 0x14800000)
   the space 42084K,  66% used [0x09d50000, 0x0b88c410, 0x0b88c600, 0x0c669000)
 Metaspace       used 5359K, capacity 5542K, committed 5632K, reserved 6528K
}
Event: 29.653 GC heap before
{Heap before GC invocations=17 (full 3):
 def new generation   total 19008K, used 19008K [0x04800000, 0x05ca0000, 0x09d50000)
  eden space 16896K, 100% used [0x04800000, 0x05880000, 0x05880000)
  from space 2112K, 100% used [0x05a90000, 0x05ca0000, 0x05ca0000)
  to   space 2112K,   0% used [0x05880000, 0x05880000, 0x05a90000)
 tenured generation   total 42084K, used 27889K [0x09d50000, 0x0c669000, 0x14800000)
   the space 42084K,  66% used [0x09d50000, 0x0b88c410, 0x0b88c600, 0x0c669000)
 Metaspace       used 5359K, capacity 5542K, committed 5632K, reserved 6528K
Event: 29.665 GC heap after
Heap after GC invocations=18 (full 3):
 def new generation   total 19008K, used 2112K [0x04800000, 0x05ca0000, 0x09d50000)
  eden space 16896K,   0% used [0x04800000, 0x04800000, 0x05880000)
  from space 2112K, 100% used [0x05880000, 0x05a90000, 0x05a90000)
  to   space 2112K,   0% used [0x05a90000, 0x05a90000, 0x05ca0000)
 tenured generation   total 42084K, used 33385K [0x09d50000, 0x0c669000, 0x14800000)
   the space 42084K,  79% used [0x09d50000, 0x0bdea478, 0x0bdea600, 0x0c669000)
 Metaspace       used 5359K, capacity 5542K, committed 5632K, reserved 6528K
}
Event: 32.865 GC heap before
{Heap before GC invocations=18 (full 3):
 def new generation   total 19008K, used 19008K [0x04800000, 0x05ca0000, 0x09d50000)
  eden space 16896K, 100% used [0x04800000, 0x05880000, 0x05880000)
  from space 2112K, 100% used [0x05880000, 0x05a90000, 0x05a90000)
  to   space 2112K,   0% used [0x05a90000, 0x05a90000, 0x05ca0000)
 tenured generation   total 42084K, used 33385K [0x09d50000, 0x0c669000, 0x14800000)
   the space 42084K,  79% used [0x09d50000, 0x0bdea478, 0x0bdea600, 0x0c669000)
 Metaspace       used 5367K, capacity 5542K, committed 5632K, reserved 6528K
Event: 32.878 GC heap after
Heap after GC invocations=19 (full 3):
 def new generation   total 19008K, used 2112K [0x04800000, 0x05ca0000, 0x09d50000)
  eden space 16896K,   0% used [0x04800000, 0x04800000, 0x05880000)
  from space 2112K, 100% used [0x05a90000, 0x05ca0000, 0x05ca0000)
  to   space 2112K,   0% used [0x05880000, 0x05880000, 0x05a90000)
 tenured generation   total 42084K, used 38846K [0x09d50000, 0x0c669000, 0x14800000)
   the space 42084K,  92% used [0x09d50000, 0x0c33fb40, 0x0c33fc00, 0x0c669000)
 Metaspace       used 5367K, capacity 5542K, committed 5632K, reserved 6528K
}
Event: 35.998 GC heap before
{Heap before GC invocations=19 (full 3):
 def new generation   total 19008K, used 19008K [0x04800000, 0x05ca0000, 0x09d50000)
  eden space 16896K, 100% used [0x04800000, 0x05880000, 0x05880000)
  from space 2112K, 100% used [0x05a90000, 0x05ca0000, 0x05ca0000)
  to   space 2112K,   0% used [0x05880000, 0x05880000, 0x05a90000)
 tenured generation   total 42084K, used 38846K [0x09d50000, 0x0c669000, 0x14800000)
   the space 42084K,  92% used [0x09d50000, 0x0c33fb40, 0x0c33fc00, 0x0c669000)
 Metaspace       used 5367K, capacity 5542K, committed 5632K, reserved 6528K
Event: 36.073 GC heap after
Heap after GC invocations=20 (full 4):
 def new generation   total 24384K, used 0K [0x04800000, 0x06270000, 0x09d50000)
  eden space 21696K,   0% used [0x04800000, 0x04800000, 0x05d30000)
  from space 2688K,   0% used [0x05d30000, 0x05d30000, 0x05fd0000)
  to   space 2688K,   0% used [0x05fd0000, 0x05fd0000, 0x06270000)
 tenured generation   total 54048K, used 32427K [0x09d50000, 0x0d218000, 0x14800000)
   the space 54048K,  59% used [0x09d50000, 0x0bcface0, 0x0bcfae00, 0x0d218000)
 Metaspace       used 5367K, capacity 5542K, committed 5632K, reserved 6528K
}

Deoptimization events (0 events):
No events

Internal exceptions (10 events):
Event: 0.162 Thread 0x0042d000 Exception <a 'java/security/PrivilegedActionException'> (0x04893288) thrown at [C:\re\workspace\8-2-build-windows-i586-cygwin\jdk8u112\7884\hotspot\src\share\vm\prims\jvm.cpp, line 1390]
Event: 0.162 Thread 0x0042d000 Exception <a 'java/security/PrivilegedActionException'> (0x04893488) thrown at [C:\re\workspace\8-2-build-windows-i586-cygwin\jdk8u112\7884\hotspot\src\share\vm\prims\jvm.cpp, line 1390]
Event: 0.163 Thread 0x0042d000 Exception <a 'java/security/PrivilegedActionException'> (0x048972c0) thrown at [C:\re\workspace\8-2-build-windows-i586-cygwin\jdk8u112\7884\hotspot\src\share\vm\prims\jvm.cpp, line 1390]
Event: 0.163 Thread 0x0042d000 Exception <a 'java/security/PrivilegedActionException'> (0x048974c0) thrown at [C:\re\workspace\8-2-build-windows-i586-cygwin\jdk8u112\7884\hotspot\src\share\vm\prims\jvm.cpp, line 1390]
Event: 0.165 Thread 0x0042d000 Exception <a 'java/io/FileNotFoundException'> (0x048996a0) thrown at [C:\re\workspace\8-2-build-windows-i586-cygwin\jdk8u112\7884\hotspot\src\share\vm\prims\jni.cpp, line 709]
Event: 0.194 Thread 0x0042d000 Exception <a 'java/lang/NoSuchFieldError': method resolution failed> (0x0496b108) thrown at [C:\re\workspace\8-2-build-windows-i586-cygwin\jdk8u112\7884\hotspot\src\share\vm\prims\methodHandles.cpp, line 1146]
Event: 0.199 Thread 0x0042d000 Exception <a 'java/lang/NoSuchFieldError': method resolution failed> (0x049772a8) thrown at [C:\re\workspace\8-2-build-windows-i586-cygwin\jdk8u112\7884\hotspot\src\share\vm\prims\methodHandles.cpp, line 1146]
Event: 0.234 Thread 0x0042d000 Exception <a 'java/io/FileNotFoundException'> (0x04a0f6a8) thrown at [C:\re\workspace\8-2-build-windows-i586-cygwin\jdk8u112\7884\hotspot\src\share\vm\prims\jni.cpp, line 709]
Event: 36.078 Thread 0x14fa9000 Exception <a 'java/lang/OutOfMemoryError': unable to create new native thread> (0x04872578) thrown at [C:\re\workspace\8-2-build-windows-i586-cygwin\jdk8u112\7884\hotspot\src\share\vm\prims\jvm.cpp, line 3033]
Event: 39.753 Thread 0x182ac400 Exception <a 'java/lang/OutOfMemoryError': native memory allocation failed> (0x059f76c0) thrown at [C:\re\workspace\8-2-build-windows-i586-cygwin\jdk8u112\7884\hotspot\src\share\vm\prims\jni.cpp, line 735]

Events (10 events):
Event: 37.767 Thread 0x182ac400 DEOPT UNPACKING pc=0x0270c5db sp=0x1956f364 mode 1
Event: 37.770 Thread 0x182ac400 DEOPT PACKING pc=0x027c1bc4 sp=0x1956f420
Event: 37.770 Thread 0x182ac400 DEOPT UNPACKING pc=0x0270c5db sp=0x1956f2e8 mode 1
Event: 37.770 Thread 0x182ac400 DEOPT PACKING pc=0x027b4e40 sp=0x1956f490
Event: 37.770 Thread 0x182ac400 DEOPT UNPACKING pc=0x0270c5db sp=0x1956f364 mode 1
Event: 37.772 Thread 0x182ac400 DEOPT PACKING pc=0x027c1bc4 sp=0x1956f420
Event: 37.772 Thread 0x182ac400 DEOPT UNPACKING pc=0x0270c5db sp=0x1956f2e8 mode 1
Event: 37.772 Thread 0x182ac400 DEOPT PACKING pc=0x027b4e40 sp=0x1956f490
Event: 37.772 Thread 0x182ac400 DEOPT UNPACKING pc=0x0270c5db sp=0x1956f364 mode 1
Event: 39.753 Thread 0x182ac400 DEOPT PACKING pc=0x0281c4b8 sp=0x1956f630


Dynamic libraries:
0x01290000 - 0x012c3000 	C:\Program Files (x86)\Java\jre1.8.0_112\bin\javaw.exe
0x77280000 - 0x77400000 	C:\Windows\SysWOW64\ntdll.dll
0x768f0000 - 0x76a00000 	C:\Windows\syswow64\kernel32.dll
0x76890000 - 0x768d7000 	C:\Windows\syswow64\KERNELBASE.dll
0x76680000 - 0x76721000 	C:\Windows\syswow64\ADVAPI32.dll
0x75100000 - 0x751ac000 	C:\Windows\syswow64\msvcrt.dll
0x756a0000 - 0x756b9000 	C:\Windows\SysWOW64\sechost.dll
0x75360000 - 0x75450000 	C:\Windows\syswow64\RPCRT4.dll
0x74b70000 - 0x74bd0000 	C:\Windows\syswow64\SspiCli.dll
0x74b60000 - 0x74b6c000 	C:\Windows\syswow64\CRYPTBASE.dll
0x76790000 - 0x76890000 	C:\Windows\syswow64\USER32.dll
0x763b0000 - 0x76440000 	C:\Windows\syswow64\GDI32.dll
0x75450000 - 0x7545a000 	C:\Windows\syswow64\LPK.dll
0x75560000 - 0x755fd000 	C:\Windows\syswow64\USP10.dll
0x739b0000 - 0x73b4e000 	C:\Windows\WinSxS\x86_microsoft.windows.common-controls_6595b64144ccf1df_6.0.7601.18837_none_41e855142bd5705d\COMCTL32.dll
0x764c0000 - 0x76517000 	C:\Windows\syswow64\SHLWAPI.dll
0x74bd0000 - 0x74c30000 	C:\Windows\system32\IMM32.DLL
0x75460000 - 0x7552d000 	C:\Windows\syswow64\MSCTF.dll
0x5a1a0000 - 0x5a25f000 	C:\Program Files (x86)\Java\jre1.8.0_112\bin\msvcr100.dll
0x5ce20000 - 0x5d1ee000 	C:\Program Files (x86)\Java\jre1.8.0_112\bin\client\jvm.dll
0x72f80000 - 0x72f87000 	C:\Windows\system32\WSOCK32.dll
0x76310000 - 0x76345000 	C:\Windows\syswow64\WS2_32.dll
0x76780000 - 0x76786000 	C:\Windows\syswow64\NSI.dll
0x73960000 - 0x73992000 	C:\Windows\system32\WINMM.dll
0x73900000 - 0x73909000 	C:\Windows\system32\VERSION.dll
0x76370000 - 0x76375000 	C:\Windows\syswow64\PSAPI.DLL
0x5dda0000 - 0x5ddac000 	C:\Program Files (x86)\Java\jre1.8.0_112\bin\verify.dll
0x5cdf0000 - 0x5ce11000 	C:\Program Files (x86)\Java\jre1.8.0_112\bin\java.dll
0x5d1f0000 - 0x5d21a000 	C:\Program Files (x86)\Java\jre1.8.0_112\bin\jdwp.dll
0x5d240000 - 0x5d247000 	C:\Program Files (x86)\Java\jre1.8.0_112\bin\npt.dll
0x5cdd0000 - 0x5cde3000 	C:\Program Files (x86)\Java\jre1.8.0_112\bin\zip.dll
0x756c0000 - 0x7630c000 	C:\Windows\syswow64\SHELL32.dll
0x76520000 - 0x7667d000 	C:\Windows\syswow64\ole32.dll
0x76360000 - 0x7636b000 	C:\Windows\syswow64\profapi.dll
0x5d230000 - 0x5d238000 	C:\Program Files (x86)\Java\jre1.8.0_112\bin\dt_socket.dll
0x72e20000 - 0x72e30000 	C:\Windows\system32\NLAapi.dll
0x72e90000 - 0x72ea0000 	C:\Windows\system32\napinsp.dll
0x72e70000 - 0x72e82000 	C:\Windows\system32\pnrpnsp.dll
0x735b0000 - 0x735ec000 	C:\Windows\System32\mswsock.dll
0x732b0000 - 0x732f4000 	C:\Windows\system32\DNSAPI.dll
0x72e50000 - 0x72e58000 	C:\Windows\System32\winrnr.dll
0x73930000 - 0x7394c000 	C:\Windows\system32\IPHLPAPI.DLL
0x73920000 - 0x73927000 	C:\Windows\system32\WINNSI.DLL
0x72ed0000 - 0x72f08000 	C:\Windows\System32\fwpuclnt.dll
0x73550000 - 0x73556000 	C:\Windows\system32\rasadhlp.dll
0x72e60000 - 0x72e65000 	C:\Windows\System32\wshtcpip.dll
0x58950000 - 0x58a96000 	C:\Program Files (x86)\Java\jre1.8.0_112\bin\awt.dll
0x74f10000 - 0x74fa1000 	C:\Windows\syswow64\OLEAUT32.dll
0x73660000 - 0x73673000 	C:\Windows\system32\DWMAPI.DLL
0x58880000 - 0x58948000 	C:\Windows\system32\opengl32.dll
0x5a320000 - 0x5a342000 	C:\Windows\system32\GLU32.dll
0x58790000 - 0x58877000 	C:\Windows\system32\DDRAW.dll
0x5d220000 - 0x5d226000 	C:\Windows\system32\DCIMAN32.dll
0x751b0000 - 0x7534d000 	C:\Windows\syswow64\SETUPAPI.dll
0x76380000 - 0x763a7000 	C:\Windows\syswow64\CFGMGR32.dll
0x764a0000 - 0x764b2000 	C:\Windows\syswow64\DEVOBJ.dll
0x709a0000 - 0x70a20000 	C:\Windows\system32\uxtheme.dll
0x6a780000 - 0x6a943000 	C:\Windows\system32\d3d9.dll
0x6aa00000 - 0x6aa06000 	C:\Windows\system32\d3d8thk.dll
0x6a6f0000 - 0x6a778000 	C:\Windows\system32\aticfx32.dll
0x6a9f0000 - 0x6a9fa000 	C:\Windows\system32\atiu9pag.dll
0x69f10000 - 0x6a2fa000 	C:\Windows\system32\atiumdag.dll
0x6a380000 - 0x6a6e4000 	C:\Windows\system32\atiumdva.dll
0x5a2e0000 - 0x5a319000 	C:\Program Files (x86)\Java\jre1.8.0_112\bin\fontmanager.dll
0x76df0000 - 0x76e73000 	C:\Windows\syswow64\CLBCatQ.DLL
0x5cdb0000 - 0x5cdc6000 	C:\Program Files (x86)\Java\jre1.8.0_112\bin\net.dll
0x73560000 - 0x73566000 	C:\Windows\System32\wship6.dll
0x5cda0000 - 0x5cdaf000 	C:\Program Files (x86)\Java\jre1.8.0_112\bin\nio.dll
0x5a2a0000 - 0x5a2d2000 	C:\Program Files (x86)\Java\jre1.8.0_112\bin\t2k.dll

VM Arguments:
jvm_args: -agentlib:jdwp=transport=dt_socket,suspend=y,address=localhost:65211 -Dfile.encoding=Cp1252 
java_command: Game.main.Game
java_class_path (initial): C:\Users\232219\Documents\GitHub\.metadata\KYMA\bin
Launcher Type: SUN_STANDARD

Environment Variables:
PATH=C:/Program Files (x86)/Java/jre1.8.0_112/bin/client;C:/Program Files (x86)/Java/jre1.8.0_112/bin;C:/Program Files (x86)/Java/jre1.8.0_112/lib/i386;C:\ProgramData\Oracle\Java\javapath;C:\Windows\system32;C:\Windows;C:\Windows\System32\Wbem;C:\Program Files (x86)\ATI Technologies\ATI.ACE\Core-Static;c:\Program Files (x86)\Microsoft SQL Server\100\Tools\Binn\;c:\Program Files\Microsoft SQL Server\100\Tools\Binn\;c:\Program Files\Microsoft SQL Server\100\DTS\Binn\;C:\Windows\System32\WindowsPowerShell\v1.0\;C:\Windows\System32\WindowsPowerShell\v1.0\;C:\Program Files (x86)\Windows Kits\8.1\Windows Performance Toolkit\;C:\Program Files\Microsoft SQL Server\110\Tools\Binn\;C:\Program Files (x86)\Microsoft SDKs\TypeScript\1.0\;C:\Program Files\Microsoft SQL Server\120\Tools\Binn\;C:\Program Files (x86)\QuickTime\QTSystem\;C:\Windows\system32\config\systemprofile\.dnx\bin;C:\Program Files\Microsoft DNX\Dnvm\;C:\Program Files\Microsoft SQL Server\130\Tools\Binn\;C:\Program Files\Git\cmd;N:\32 Bit NEON ECLIPSE;
USERNAME=232219
OS=Windows_NT
PROCESSOR_IDENTIFIER=Intel64 Family 6 Model 42 Stepping 7, GenuineIntel



---------------  S Y S T E M  ---------------

OS:Call to GetFileVersionInfoSize failed

CPU:total 8 (4 cores per cpu, 2 threads per core) family 6 model 42 stepping 7, cmov, cx8, fxsr, mmx, sse, sse2, sse3, ssse3, sse4.1, sse4.2, popcnt, avx, aes, clmul, ht, tsc, tscinvbit

Memory: 4k page, physical 8344508k(2987728k free), swap 16687156k(9451052k free)

vm_info: Java HotSpot(TM) Client VM (25.112-b15) for windows-x86 JRE (1.8.0_112-b15), built on Sep 22 2016 21:03:20 by "java_re" with MS VC++ 10.0 (VS2010)

time: Wed Jan 18 15:07:21 2017
elapsed time: 39 seconds (0d 0h 0m 39s)

